
$ python3 /root/dev/pinn-platform-v4/model/scripts/train_velocity_pressure_independent.py --run-name bend_independent_blunted_sparse15clean_softwall_v1_20260420 --train-velocity-source obs_sparse_15pct --val-velocity-source obs_sparse_15pct --train-pressure-source obs_sparse_15pct --val-pressure-source obs_sparse_15pct --family bend_2d --train-cases B-base__ip_blunted,B-train-1__ip_blunted,B-train-2__ip_blunted,B-train-3__ip_blunted --val-cases B-val__ip_blunted --feature-mode geometry --drop-features inlet_profile_star --device cpu --velocity-hidden-layers 128,128,128 --pressure-hidden-layers 128,128,128 --activation silu --velocity-epochs 200 --pressure-epochs 200 --coupling-epochs 40 --velocity-lr 8e-4 --pressure-lr 8e-4 --coupling-velocity-lr 2e-4 --coupling-pressure-lr 2e-4 --wall-weight 1.0 --inlet-flux-weight 0.5 --continuity-weight 0.1 --velocity-stage-continuity-weight 0.1 --velocity-stage-momentum-weight 0.0 --outlet-pressure-weight 1e-4 --pressure-drop-weight 1.0 --pressure-stage-momentum-weight 0.0 --velocity-wall-mode soft --coupling-momentum-weight 10.0 --coupling-continuity-weight 0.1 --coupling-velocity-supervision-weight 1.0 --coupling-pressure-supervision-weight 1.0 --max-physics-points 512 --print-every 20 --max-retries 1
[第一阶段_速度模型 第1轮] 总损失=2.9324e+00 验证速度相对二范数=4.7331e-01 验证压力相对二范数=4.9813e-01 验证最大速度误差=5.9664e-01 验证最大压力误差=5.4039e-01
[第一阶段_速度模型 第20轮] 总损失=4.4091e-01 验证速度相对二范数=1.8275e-01 验证压力相对二范数=4.9813e-01 验证最大速度误差=4.4865e-01 验证最大压力误差=5.4039e-01
[第一阶段_速度模型 第40轮] 总损失=1.1168e-01 验证速度相对二范数=1.1963e-01 验证压力相对二范数=4.9813e-01 验证最大速度误差=2.6475e-01 验证最大压力误差=5.4039e-01
[第一阶段_速度模型 第60轮] 总损失=7.0780e-02 验证速度相对二范数=9.9388e-02 验证压力相对二范数=4.9813e-01 验证最大速度误差=2.7198e-01 验证最大压力误差=5.4039e-01
[第一阶段_速度模型 第80轮] 总损失=4.9031e-02 验证速度相对二范数=7.8026e-02 验证压力相对二范数=4.9813e-01 验证最大速度误差=2.2957e-01 验证最大压力误差=5.4039e-01
[第一阶段_速度模型 第100轮] 总损失=3.7387e-02 验证速度相对二范数=6.4915e-02 验证压力相对二范数=4.9813e-01 验证最大速度误差=2.1439e-01 验证最大压力误差=5.4039e-01
[第一阶段_速度模型 第120轮] 总损失=2.8553e-02 验证速度相对二范数=5.6388e-02 验证压力相对二范数=4.9813e-01 验证最大速度误差=1.9952e-01 验证最大压力误差=5.4039e-01
[第一阶段_速度模型 第140轮] 总损失=2.1172e-02 验证速度相对二范数=4.9754e-02 验证压力相对二范数=4.9813e-01 验证最大速度误差=1.8333e-01 验证最大压力误差=5.4039e-01
[第一阶段_速度模型 第160轮] 总损失=1.5298e-02 验证速度相对二范数=4.4344e-02 验证压力相对二范数=4.9813e-01 验证最大速度误差=1.7339e-01 验证最大压力误差=5.4039e-01
[第一阶段_速度模型 第180轮] 总损失=1.1111e-02 验证速度相对二范数=4.0033e-02 验证压力相对二范数=4.9813e-01 验证最大速度误差=1.6425e-01 验证最大压力误差=5.4039e-01
[第一阶段_速度模型 第200轮] 总损失=8.4088e-03 验证速度相对二范数=3.6588e-02 验证压力相对二范数=4.9813e-01 验证最大速度误差=1.5634e-01 验证最大压力误差=5.4039e-01
[第二阶段_压力模型 第1轮] 总损失=2.9547e+00 验证速度相对二范数=3.6588e-02 验证压力相对二范数=4.5143e-01 验证最大速度误差=1.5634e-01 验证最大压力误差=4.9566e-01
[第二阶段_压力模型 第20轮] 总损失=9.9650e-02 验证速度相对二范数=3.6588e-02 验证压力相对二范数=1.9411e-01 验证最大速度误差=1.5634e-01 验证最大压力误差=2.4839e-01
[第二阶段_压力模型 第40轮] 总损失=3.0462e-02 验证速度相对二范数=3.6588e-02 验证压力相对二范数=1.4223e-01 验证最大速度误差=1.5634e-01 验证最大压力误差=1.8798e-01
[第二阶段_压力模型 第60轮] 总损失=7.5038e-03 验证速度相对二范数=3.6588e-02 验证压力相对二范数=6.9034e-02 验证最大速度误差=1.5634e-01 验证最大压力误差=1.0711e-01
[第二阶段_压力模型 第80轮] 总损失=4.0545e-03 验证速度相对二范数=3.6588e-02 验证压力相对二范数=5.1540e-02 验证最大速度误差=1.5634e-01 验证最大压力误差=9.0370e-02
[第二阶段_压力模型 第100轮] 总损失=2.5288e-03 验证速度相对二范数=3.6588e-02 验证压力相对二范数=4.0201e-02 验证最大速度误差=1.5634e-01 验证最大压力误差=8.0428e-02
[第二阶段_压力模型 第120轮] 总损失=1.7277e-03 验证速度相对二范数=3.6588e-02 验证压力相对二范数=3.3456e-02 验证最大速度误差=1.5634e-01 验证最大压力误差=7.2091e-02
[第二阶段_压力模型 第140轮] 总损失=1.2123e-03 验证速度相对二范数=3.6588e-02 验证压力相对二范数=2.9208e-02 验证最大速度误差=1.5634e-01 验证最大压力误差=6.5433e-02
[第二阶段_压力模型 第160轮] 总损失=8.7041e-04 验证速度相对二范数=3.6588e-02 验证压力相对二范数=2.5585e-02 验证最大速度误差=1.5634e-01 验证最大压力误差=5.9679e-02
[第二阶段_压力模型 第180轮] 总损失=6.4595e-04 验证速度相对二范数=3.6588e-02 验证压力相对二范数=2.2789e-02 验证最大速度误差=1.5634e-01 验证最大压力误差=5.4265e-02
[第二阶段_压力模型 第200轮] 总损失=4.9835e-04 验证速度相对二范数=3.6588e-02 验证压力相对二范数=2.0738e-02 验证最大速度误差=1.5634e-01 验证最大压力误差=4.9492e-02
[第三阶段_交替耦合 第1轮] 总损失=2.8994e-02 验证速度相对二范数=3.5991e-02 验证压力相对二范数=1.7660e-02 验证最大速度误差=1.5375e-01 验证最大压力误差=6.0848e-02
[第三阶段_交替耦合 第20轮] 总损失=2.0126e-02 验证速度相对二范数=3.1145e-02 验证压力相对二范数=2.3720e-02 验证最大速度误差=1.4346e-01 验证最大压力误差=4.6103e-02
[第三阶段_交替耦合 第40轮] 总损失=1.3630e-02 验证速度相对二范数=2.7816e-02 验证压力相对二范数=2.2993e-02 验证最大速度误差=1.3411e-01 验证最大压力误差=3.9837e-02
[完成] 输出目录=/root/dev/pinn-platform-v4/model/results/pinn/bend_independent_blunted_sparse15clean_softwall_v1_20260420
{
  "最终验证指标": {
    "rel_l2_u": 0.044433724135160446,
    "rel_l2_v": 0.02529279515147209,
    "rel_l2_p": 0.022993389517068863,
    "rel_l2_speed": 0.027815818786621094,
    "max_speed_err_over_speed_max": 0.1341075450181961,
    "max_p_err_over_p_range": 0.03983684256672859,
    "p95_speed_err_over_speed_max": 0.03495502844452858,
    "p95_p_err_over_p_range": 0.02544759027659893
  }
}
