
$ python3 /root/dev/pinn-platform-v4/model/scripts/train_velocity_pressure_independent.py --run-name bend_independent_blunted_sparse1clean_softwall_v1_20260420 --train-velocity-source obs_sparse_1pct --val-velocity-source obs_sparse_1pct --train-pressure-source obs_sparse_1pct --val-pressure-source obs_sparse_1pct --family bend_2d --train-cases B-base__ip_blunted,B-train-1__ip_blunted,B-train-2__ip_blunted,B-train-3__ip_blunted --val-cases B-val__ip_blunted --feature-mode geometry --drop-features inlet_profile_star --device cpu --velocity-hidden-layers 128,128,128 --pressure-hidden-layers 128,128,128 --activation silu --velocity-epochs 200 --pressure-epochs 200 --coupling-epochs 40 --velocity-lr 8e-4 --pressure-lr 8e-4 --coupling-velocity-lr 2e-4 --coupling-pressure-lr 2e-4 --wall-weight 1.0 --inlet-flux-weight 0.5 --continuity-weight 0.1 --velocity-stage-continuity-weight 0.1 --velocity-stage-momentum-weight 0.0 --outlet-pressure-weight 1e-4 --pressure-drop-weight 1.0 --pressure-stage-momentum-weight 0.0 --velocity-wall-mode soft --coupling-momentum-weight 10.0 --coupling-continuity-weight 0.1 --coupling-velocity-supervision-weight 1.0 --coupling-pressure-supervision-weight 1.0 --max-physics-points 512 --print-every 20 --max-retries 1
[第一阶段_速度模型 第1轮] 总损失=2.9488e+00 验证速度相对二范数=4.7324e-01 验证压力相对二范数=4.9813e-01 验证最大速度误差=5.9549e-01 验证最大压力误差=5.4039e-01
[第一阶段_速度模型 第20轮] 总损失=4.2296e-01 验证速度相对二范数=1.8051e-01 验证压力相对二范数=4.9813e-01 验证最大速度误差=4.5636e-01 验证最大压力误差=5.4039e-01
[第一阶段_速度模型 第40轮] 总损失=1.1319e-01 验证速度相对二范数=1.2035e-01 验证压力相对二范数=4.9813e-01 验证最大速度误差=2.7413e-01 验证最大压力误差=5.4039e-01
[第一阶段_速度模型 第60轮] 总损失=6.8301e-02 验证速度相对二范数=9.6792e-02 验证压力相对二范数=4.9813e-01 验证最大速度误差=2.7665e-01 验证最大压力误差=5.4039e-01
[第一阶段_速度模型 第80轮] 总损失=4.5773e-02 验证速度相对二范数=7.6275e-02 验证压力相对二范数=4.9813e-01 验证最大速度误差=2.4373e-01 验证最大压力误差=5.4039e-01
[第一阶段_速度模型 第100轮] 总损失=3.4931e-02 验证速度相对二范数=6.4352e-02 验证压力相对二范数=4.9813e-01 验证最大速度误差=2.2555e-01 验证最大压力误差=5.4039e-01
[第一阶段_速度模型 第120轮] 总损失=2.7273e-02 验证速度相对二范数=5.6269e-02 验证压力相对二范数=4.9813e-01 验证最大速度误差=2.0930e-01 验证最大压力误差=5.4039e-01
[第一阶段_速度模型 第140轮] 总损失=2.0758e-02 验证速度相对二范数=5.0909e-02 验证压力相对二范数=4.9813e-01 验证最大速度误差=1.9275e-01 验证最大压力误差=5.4039e-01
[第一阶段_速度模型 第160轮] 总损失=1.5243e-02 验证速度相对二范数=4.6287e-02 验证压力相对二范数=4.9813e-01 验证最大速度误差=1.7861e-01 验证最大压力误差=5.4039e-01
[第一阶段_速度模型 第180轮] 总损失=1.0987e-02 验证速度相对二范数=4.2332e-02 验证压力相对二范数=4.9813e-01 验证最大速度误差=1.6575e-01 验证最大压力误差=5.4039e-01
[第一阶段_速度模型 第200轮] 总损失=8.0648e-03 验证速度相对二范数=3.9027e-02 验证压力相对二范数=4.9813e-01 验证最大速度误差=1.5564e-01 验证最大压力误差=5.4039e-01
[第二阶段_压力模型 第1轮] 总损失=2.8868e+00 验证速度相对二范数=3.9027e-02 验证压力相对二范数=4.5166e-01 验证最大速度误差=1.5564e-01 验证最大压力误差=4.9696e-01
[第二阶段_压力模型 第20轮] 总损失=9.7228e-02 验证速度相对二范数=3.9027e-02 验证压力相对二范数=2.0648e-01 验证最大速度误差=1.5564e-01 验证最大压力误差=2.5593e-01
[第二阶段_压力模型 第40轮] 总损失=2.9551e-02 验证速度相对二范数=3.9027e-02 验证压力相对二范数=1.5022e-01 验证最大速度误差=1.5564e-01 验证最大压力误差=2.0034e-01
[第二阶段_压力模型 第60轮] 总损失=8.0178e-03 验证速度相对二范数=3.9027e-02 验证压力相对二范数=8.1267e-02 验证最大速度误差=1.5564e-01 验证最大压力误差=1.2303e-01
[第二阶段_压力模型 第80轮] 总损失=4.2708e-03 验证速度相对二范数=3.9027e-02 验证压力相对二范数=5.8090e-02 验证最大速度误差=1.5564e-01 验证最大压力误差=9.7010e-02
[第二阶段_压力模型 第100轮] 总损失=2.4887e-03 验证速度相对二范数=3.9027e-02 验证压力相对二范数=4.5264e-02 验证最大速度误差=1.5564e-01 验证最大压力误差=8.5901e-02
[第二阶段_压力模型 第120轮] 总损失=1.6337e-03 验证速度相对二范数=3.9027e-02 验证压力相对二范数=3.6903e-02 验证最大速度误差=1.5564e-01 验证最大压力误差=7.2740e-02
[第二阶段_压力模型 第140轮] 总损失=1.1282e-03 验证速度相对二范数=3.9027e-02 验证压力相对二范数=3.1821e-02 验证最大速度误差=1.5564e-01 验证最大压力误差=6.1868e-02
[第二阶段_压力模型 第160轮] 总损失=8.0586e-04 验证速度相对二范数=3.9027e-02 验证压力相对二范数=2.7982e-02 验证最大速度误差=1.5564e-01 验证最大压力误差=5.4300e-02
[第二阶段_压力模型 第180轮] 总损失=5.9987e-04 验证速度相对二范数=3.9027e-02 验证压力相对二范数=2.5099e-02 验证最大速度误差=1.5564e-01 验证最大压力误差=5.0182e-02
[第二阶段_压力模型 第200轮] 总损失=4.6735e-04 验证速度相对二范数=3.9027e-02 验证压力相对二范数=2.2924e-02 验证最大速度误差=1.5564e-01 验证最大压力误差=4.6268e-02
[第三阶段_交替耦合 第1轮] 总损失=2.8923e-02 验证速度相对二范数=3.8572e-02 验证压力相对二范数=1.8840e-02 验证最大速度误差=1.5387e-01 验证最大压力误差=5.7992e-02
[第三阶段_交替耦合 第20轮] 总损失=1.9753e-02 验证速度相对二范数=3.3527e-02 验证压力相对二范数=2.6620e-02 验证最大速度误差=1.4081e-01 验证最大压力误差=4.9209e-02
[第三阶段_交替耦合 第40轮] 总损失=1.3177e-02 验证速度相对二范数=2.9634e-02 验证压力相对二范数=2.5834e-02 验证最大速度误差=1.3530e-01 验证最大压力误差=4.8109e-02
[完成] 输出目录=/root/dev/pinn-platform-v4/model/results/pinn/bend_independent_blunted_sparse1clean_softwall_v1_20260420
{
  "最终验证指标": {
    "rel_l2_u": 0.04570654779672623,
    "rel_l2_v": 0.028736822307109833,
    "rel_l2_p": 0.025833861902356148,
    "rel_l2_speed": 0.029634209349751472,
    "max_speed_err_over_speed_max": 0.13530123233795166,
    "max_p_err_over_p_range": 0.048109352588653564,
    "p95_speed_err_over_speed_max": 0.036780066788196564,
    "p95_p_err_over_p_range": 0.029138581827282906
  }
}
