
$ python3 /root/dev/pinn-platform-v4/model/scripts/train_velocity_pressure_independent.py --run-name bend_independent_blunted_sparse0clean_softwall_v1_20260420 --family bend_2d --train-cases B-base__ip_blunted,B-train-1__ip_blunted,B-train-2__ip_blunted,B-train-3__ip_blunted --val-cases B-val__ip_blunted --feature-mode geometry --drop-features inlet_profile_star --train-velocity-source obs_sparse_0pct --val-velocity-source obs_sparse_0pct --train-pressure-source obs_sparse_0pct --val-pressure-source obs_sparse_0pct --device cpu --velocity-hidden-layers 128,128,128 --pressure-hidden-layers 128,128,128 --activation silu --velocity-epochs 200 --pressure-epochs 200 --coupling-epochs 40 --velocity-lr 8e-4 --pressure-lr 8e-4 --coupling-velocity-lr 2e-4 --coupling-pressure-lr 2e-4 --wall-weight 1.0 --inlet-flux-weight 0.5 --continuity-weight 0.1 --velocity-stage-continuity-weight 0.1 --velocity-stage-momentum-weight 0.0 --outlet-pressure-weight 1e-4 --pressure-drop-weight 1.0 --pressure-stage-momentum-weight 0.0 --velocity-wall-mode soft --coupling-momentum-weight 10.0 --coupling-continuity-weight 0.1 --coupling-velocity-supervision-weight 1.0 --coupling-pressure-supervision-weight 1.0 --max-physics-points 512 --print-every 20 --max-retries 1
[第一阶段_速度模型 第1轮] 总损失=8.8282e-01 验证速度相对二范数=4.7110e-01 验证压力相对二范数=4.9813e-01 验证最大速度误差=5.9429e-01 验证最大压力误差=5.4039e-01
[第一阶段_速度模型 第20轮] 总损失=6.4960e-02 验证速度相对二范数=2.8387e-01 验证压力相对二范数=4.9813e-01 验证最大速度误差=4.0231e-01 验证最大压力误差=5.4039e-01
[第一阶段_速度模型 第40轮] 总损失=2.5775e-03 验证速度相对二范数=2.6404e-01 验证压力相对二范数=4.9813e-01 验证最大速度误差=6.6465e-01 验证最大压力误差=5.4039e-01
[第一阶段_速度模型 第60轮] 总损失=1.0447e-03 验证速度相对二范数=2.6394e-01 验证压力相对二范数=4.9813e-01 验证最大速度误差=7.1711e-01 验证最大压力误差=5.4039e-01
[第一阶段_速度模型 第80轮] 总损失=2.2072e-04 验证速度相对二范数=2.6595e-01 验证压力相对二范数=4.9813e-01 验证最大速度误差=7.2274e-01 验证最大压力误差=5.4039e-01
[第一阶段_速度模型 第100轮] 总损失=1.4488e-04 验证速度相对二范数=2.6823e-01 验证压力相对二范数=4.9813e-01 验证最大速度误差=7.2364e-01 验证最大压力误差=5.4039e-01
[第一阶段_速度模型 第120轮] 总损失=1.0854e-04 验证速度相对二范数=2.7026e-01 验证压力相对二范数=4.9813e-01 验证最大速度误差=7.3243e-01 验证最大压力误差=5.4039e-01
[第一阶段_速度模型 第140轮] 总损失=8.8201e-05 验证速度相对二范数=2.7174e-01 验证压力相对二范数=4.9813e-01 验证最大速度误差=7.3569e-01 验证最大压力误差=5.4039e-01
[第一阶段_速度模型 第160轮] 总损失=7.3343e-05 验证速度相对二范数=2.7294e-01 验证压力相对二范数=4.9813e-01 验证最大速度误差=7.3680e-01 验证最大压力误差=5.4039e-01
[第一阶段_速度模型 第180轮] 总损失=6.1914e-05 验证速度相对二范数=2.7397e-01 验证压力相对二范数=4.9813e-01 验证最大速度误差=7.3869e-01 验证最大压力误差=5.4039e-01
[第一阶段_速度模型 第200轮] 总损失=5.2906e-05 验证速度相对二范数=2.7485e-01 验证压力相对二范数=4.9813e-01 验证最大速度误差=7.4045e-01 验证最大压力误差=5.4039e-01
[第二阶段_压力模型 第1轮] 总损失=2.0355e+00 验证速度相对二范数=2.7485e-01 验证压力相对二范数=4.5248e-01 验证最大速度误差=7.4045e-01 验证最大压力误差=4.9697e-01
[第二阶段_压力模型 第20轮] 总损失=5.9464e-02 验证速度相对二范数=2.7485e-01 验证压力相对二范数=2.2313e-01 验证最大速度误差=7.4045e-01 验证最大压力误差=2.7585e-01
[第二阶段_压力模型 第40轮] 总损失=9.7528e-03 验证速度相对二范数=2.7485e-01 验证压力相对二范数=2.1330e-01 验证最大速度误差=7.4045e-01 验证最大压力误差=2.7663e-01
[第二阶段_压力模型 第60轮] 总损失=6.6752e-04 验证速度相对二范数=2.7485e-01 验证压力相对二范数=1.5893e-01 验证最大速度误差=7.4045e-01 验证最大压力误差=2.3219e-01
[第二阶段_压力模型 第80轮] 总损失=3.6888e-04 验证速度相对二范数=2.7485e-01 验证压力相对二范数=1.5273e-01 验证最大速度误差=7.4045e-01 验证最大压力误差=2.2245e-01
[第二阶段_压力模型 第100轮] 总损失=1.1856e-04 验证速度相对二范数=2.7485e-01 验证压力相对二范数=1.5549e-01 验证最大速度误差=7.4045e-01 验证最大压力误差=2.2586e-01
[第二阶段_压力模型 第120轮] 总损失=6.1738e-05 验证速度相对二范数=2.7485e-01 验证压力相对二范数=1.5773e-01 验证最大速度误差=7.4045e-01 验证最大压力误差=2.2784e-01
[第二阶段_压力模型 第140轮] 总损失=4.3627e-05 验证速度相对二范数=2.7485e-01 验证压力相对二范数=1.5913e-01 验证最大速度误差=7.4045e-01 验证最大压力误差=2.3030e-01
[第二阶段_压力模型 第160轮] 总损失=3.4582e-05 验证速度相对二范数=2.7485e-01 验证压力相对二范数=1.5981e-01 验证最大速度误差=7.4045e-01 验证最大压力误差=2.3127e-01
[第二阶段_压力模型 第180轮] 总损失=2.8669e-05 验证速度相对二范数=2.7485e-01 验证压力相对二范数=1.6013e-01 验证最大速度误差=7.4045e-01 验证最大压力误差=2.3191e-01
[第二阶段_压力模型 第200轮] 总损失=2.4260e-05 验证速度相对二范数=2.7485e-01 验证压力相对二范数=1.6028e-01 验证最大速度误差=7.4045e-01 验证最大压力误差=2.3238e-01
[第三阶段_交替耦合 第1轮] 总损失=1.4262e-02 验证速度相对二范数=2.7699e-01 验证压力相对二范数=1.4985e-01 验证最大速度误差=7.3577e-01 验证最大压力误差=2.1946e-01
[第三阶段_交替耦合 第20轮] 总损失=7.2538e-03 验证速度相对二范数=2.8859e-01 验证压力相对二范数=1.5811e-01 验证最大速度误差=7.0744e-01 验证最大压力误差=1.9661e-01
[第三阶段_交替耦合 第40轮] 总损失=2.8051e-03 验证速度相对二范数=3.0044e-01 验证压力相对二范数=1.6580e-01 验证最大速度误差=6.7367e-01 验证最大压力误差=2.0489e-01
[完成] 输出目录=/root/dev/pinn-platform-v4/model/results/pinn/bend_independent_blunted_sparse0clean_softwall_v1_20260420
{
  "最终验证指标": {
    "rel_l2_u": 0.5746104121208191,
    "rel_l2_v": 0.6194552779197693,
    "rel_l2_p": 0.16579569876194,
    "rel_l2_speed": 0.3004438281059265,
    "max_speed_err_over_speed_max": 0.6736741065979004,
    "max_p_err_over_p_range": 0.2048885077238083,
    "p95_speed_err_over_speed_max": 0.34201157093048096,
    "p95_p_err_over_p_range": 0.15346741676330566
  }
}
