
$ python3 /root/dev/pinn-platform-v4/model/scripts/train_velocity_pressure_independent.py --run-name bend_independent_blunted_sparse5clean_softwall_v1_20260420 --train-velocity-source obs_sparse_5pct --val-velocity-source obs_sparse_5pct --train-pressure-source obs_sparse_5pct --val-pressure-source obs_sparse_5pct --family bend_2d --train-cases B-base__ip_blunted,B-train-1__ip_blunted,B-train-2__ip_blunted,B-train-3__ip_blunted --val-cases B-val__ip_blunted --feature-mode geometry --drop-features inlet_profile_star --device cpu --velocity-hidden-layers 128,128,128 --pressure-hidden-layers 128,128,128 --activation silu --velocity-epochs 200 --pressure-epochs 200 --coupling-epochs 40 --velocity-lr 8e-4 --pressure-lr 8e-4 --coupling-velocity-lr 2e-4 --coupling-pressure-lr 2e-4 --wall-weight 1.0 --inlet-flux-weight 0.5 --continuity-weight 0.1 --velocity-stage-continuity-weight 0.1 --velocity-stage-momentum-weight 0.0 --outlet-pressure-weight 1e-4 --pressure-drop-weight 1.0 --pressure-stage-momentum-weight 0.0 --velocity-wall-mode soft --coupling-momentum-weight 10.0 --coupling-continuity-weight 0.1 --coupling-velocity-supervision-weight 1.0 --coupling-pressure-supervision-weight 1.0 --max-physics-points 512 --print-every 20 --max-retries 1
[第一阶段_速度模型 第1轮] 总损失=2.9585e+00 验证速度相对二范数=4.7339e-01 验证压力相对二范数=4.9813e-01 验证最大速度误差=5.9723e-01 验证最大压力误差=5.4039e-01
[第一阶段_速度模型 第20轮] 总损失=4.4239e-01 验证速度相对二范数=1.7992e-01 验证压力相对二范数=4.9813e-01 验证最大速度误差=4.2760e-01 验证最大压力误差=5.4039e-01
[第一阶段_速度模型 第40轮] 总损失=1.1027e-01 验证速度相对二范数=1.2070e-01 验证压力相对二范数=4.9813e-01 验证最大速度误差=2.6669e-01 验证最大压力误差=5.4039e-01
[第一阶段_速度模型 第60轮] 总损失=7.0138e-02 验证速度相对二范数=1.0005e-01 验证压力相对二范数=4.9813e-01 验证最大速度误差=2.7208e-01 验证最大压力误差=5.4039e-01
[第一阶段_速度模型 第80轮] 总损失=4.8596e-02 验证速度相对二范数=7.9033e-02 验证压力相对二范数=4.9813e-01 验证最大速度误差=2.3391e-01 验证最大压力误差=5.4039e-01
[第一阶段_速度模型 第100轮] 总损失=3.7396e-02 验证速度相对二范数=6.6199e-02 验证压力相对二范数=4.9813e-01 验证最大速度误差=2.2040e-01 验证最大压力误差=5.4039e-01
[第一阶段_速度模型 第120轮] 总损失=2.8847e-02 验证速度相对二范数=5.7193e-02 验证压力相对二范数=4.9813e-01 验证最大速度误差=2.0454e-01 验证最大压力误差=5.4039e-01
[第一阶段_速度模型 第140轮] 总损失=2.1664e-02 验证速度相对二范数=5.0030e-02 验证压力相对二范数=4.9813e-01 验证最大速度误差=1.8709e-01 验证最大压力误差=5.4039e-01
[第一阶段_速度模型 第160轮] 总损失=1.5895e-02 验证速度相对二范数=4.4239e-02 验证压力相对二范数=4.9813e-01 验证最大速度误差=1.7172e-01 验证最大压力误差=5.4039e-01
[第一阶段_速度模型 第180轮] 总损失=1.1711e-02 验证速度相对二范数=3.9663e-02 验证压力相对二范数=4.9813e-01 验证最大速度误差=1.5800e-01 验证最大压力误差=5.4039e-01
[第一阶段_速度模型 第200轮] 总损失=8.9352e-03 验证速度相对二范数=3.6067e-02 验证压力相对二范数=4.9813e-01 验证最大速度误差=1.4807e-01 验证最大压力误差=5.4039e-01
[第二阶段_压力模型 第1轮] 总损失=2.9797e+00 验证速度相对二范数=3.6067e-02 验证压力相对二范数=4.5127e-01 验证最大速度误差=1.4807e-01 验证最大压力误差=4.9546e-01
[第二阶段_压力模型 第20轮] 总损失=1.0244e-01 验证速度相对二范数=3.6067e-02 验证压力相对二范数=1.9531e-01 验证最大速度误差=1.4807e-01 验证最大压力误差=2.5388e-01
[第二阶段_压力模型 第40轮] 总损失=3.0095e-02 验证速度相对二范数=3.6067e-02 验证压力相对二范数=1.4160e-01 验证最大速度误差=1.4807e-01 验证最大压力误差=1.9090e-01
[第二阶段_压力模型 第60轮] 总损失=7.8216e-03 验证速度相对二范数=3.6067e-02 验证压力相对二范数=7.0398e-02 验证最大速度误差=1.4807e-01 验证最大压力误差=1.0760e-01
[第二阶段_压力模型 第80轮] 总损失=4.3372e-03 验证速度相对二范数=3.6067e-02 验证压力相对二范数=5.3200e-02 验证最大速度误差=1.4807e-01 验证最大压力误差=8.7391e-02
[第二阶段_压力模型 第100轮] 总损失=2.7100e-03 验证速度相对二范数=3.6067e-02 验证压力相对二范数=4.2207e-02 验证最大速度误差=1.4807e-01 验证最大压力误差=7.5914e-02
[第二阶段_压力模型 第120轮] 总损失=1.8061e-03 验证速度相对二范数=3.6067e-02 验证压力相对二范数=3.4823e-02 验证最大速度误差=1.4807e-01 验证最大压力误差=6.6993e-02
[第二阶段_压力模型 第140轮] 总损失=1.2196e-03 验证速度相对二范数=3.6067e-02 验证压力相对二范数=2.9810e-02 验证最大速度误差=1.4807e-01 验证最大压力误差=5.9972e-02
[第二阶段_压力模型 第160轮] 总损失=8.4297e-04 验证速度相对二范数=3.6067e-02 验证压力相对二范数=2.5610e-02 验证最大速度误差=1.4807e-01 验证最大压力误差=5.4113e-02
[第二阶段_压力模型 第180轮] 总损失=6.0879e-04 验证速度相对二范数=3.6067e-02 验证压力相对二范数=2.2426e-02 验证最大速度误差=1.4807e-01 验证最大压力误差=4.8937e-02
[第二阶段_压力模型 第200轮] 总损失=4.6485e-04 验证速度相对二范数=3.6067e-02 验证压力相对二范数=2.0201e-02 验证最大速度误差=1.4807e-01 验证最大压力误差=4.4577e-02
[第三阶段_交替耦合 第1轮] 总损失=2.9418e-02 验证速度相对二范数=3.5582e-02 验证压力相对二范数=1.6871e-02 验证最大速度误差=1.4653e-01 验证最大压力误差=5.6223e-02
[第三阶段_交替耦合 第20轮] 总损失=2.0307e-02 验证速度相对二范数=3.0639e-02 验证压力相对二范数=2.3323e-02 验证最大速度误差=1.3702e-01 验证最大压力误差=4.2271e-02
[第三阶段_交替耦合 第40轮] 总损失=1.3678e-02 验证速度相对二范数=2.7511e-02 验证压力相对二范数=2.2687e-02 验证最大速度误差=1.2920e-01 验证最大压力误差=3.9341e-02
[完成] 输出目录=/root/dev/pinn-platform-v4/model/results/pinn/bend_independent_blunted_sparse5clean_softwall_v1_20260420
{
  "最终验证指标": {
    "rel_l2_u": 0.04376997426152229,
    "rel_l2_v": 0.02547909878194332,
    "rel_l2_p": 0.022687075659632683,
    "rel_l2_speed": 0.02751106582581997,
    "max_speed_err_over_speed_max": 0.12919752299785614,
    "max_p_err_over_p_range": 0.03934071585536003,
    "p95_speed_err_over_speed_max": 0.03309158608317375,
    "p95_p_err_over_p_range": 0.024504607543349266
  }
}
