
$ python3 /root/dev/pinn-platform-v4/model/scripts/train_velocity_pressure_independent.py --run-name bend_independent_blunted_sparse10clean_softwall_v1_20260420 --train-velocity-source obs_sparse_10pct --val-velocity-source obs_sparse_10pct --train-pressure-source obs_sparse_10pct --val-pressure-source obs_sparse_10pct --family bend_2d --train-cases B-base__ip_blunted,B-train-1__ip_blunted,B-train-2__ip_blunted,B-train-3__ip_blunted --val-cases B-val__ip_blunted --feature-mode geometry --drop-features inlet_profile_star --device cpu --velocity-hidden-layers 128,128,128 --pressure-hidden-layers 128,128,128 --activation silu --velocity-epochs 200 --pressure-epochs 200 --coupling-epochs 40 --velocity-lr 8e-4 --pressure-lr 8e-4 --coupling-velocity-lr 2e-4 --coupling-pressure-lr 2e-4 --wall-weight 1.0 --inlet-flux-weight 0.5 --continuity-weight 0.1 --velocity-stage-continuity-weight 0.1 --velocity-stage-momentum-weight 0.0 --outlet-pressure-weight 1e-4 --pressure-drop-weight 1.0 --pressure-stage-momentum-weight 0.0 --velocity-wall-mode soft --coupling-momentum-weight 10.0 --coupling-continuity-weight 0.1 --coupling-velocity-supervision-weight 1.0 --coupling-pressure-supervision-weight 1.0 --max-physics-points 512 --print-every 20 --max-retries 1
[第一阶段_速度模型 第1轮] 总损失=2.9882e+00 验证速度相对二范数=4.7348e-01 验证压力相对二范数=4.9813e-01 验证最大速度误差=5.9691e-01 验证最大压力误差=5.4039e-01
[第一阶段_速度模型 第20轮] 总损失=4.4077e-01 验证速度相对二范数=1.8140e-01 验证压力相对二范数=4.9813e-01 验证最大速度误差=4.3276e-01 验证最大压力误差=5.4039e-01
[第一阶段_速度模型 第40轮] 总损失=1.1224e-01 验证速度相对二范数=1.2085e-01 验证压力相对二范数=4.9813e-01 验证最大速度误差=2.7141e-01 验证最大压力误差=5.4039e-01
[第一阶段_速度模型 第60轮] 总损失=7.0923e-02 验证速度相对二范数=9.9263e-02 验证压力相对二范数=4.9813e-01 验证最大速度误差=2.5653e-01 验证最大压力误差=5.4039e-01
[第一阶段_速度模型 第80轮] 总损失=4.9210e-02 验证速度相对二范数=7.8671e-02 验证压力相对二范数=4.9813e-01 验证最大速度误差=2.2635e-01 验证最大压力误差=5.4039e-01
[第一阶段_速度模型 第100轮] 总损失=3.7471e-02 验证速度相对二范数=6.5303e-02 验证压力相对二范数=4.9813e-01 验证最大速度误差=2.0966e-01 验证最大压力误差=5.4039e-01
[第一阶段_速度模型 第120轮] 总损失=2.8441e-02 验证速度相对二范数=5.6321e-02 验证压力相对二范数=4.9813e-01 验证最大速度误差=1.9414e-01 验证最大压力误差=5.4039e-01
[第一阶段_速度模型 第140轮] 总损失=2.0907e-02 验证速度相对二范数=4.9310e-02 验证压力相对二范数=4.9813e-01 验证最大速度误差=1.8105e-01 验证最大压力误差=5.4039e-01
[第一阶段_速度模型 第160轮] 总损失=1.5011e-02 验证速度相对二范数=4.3711e-02 验证压力相对二范数=4.9813e-01 验证最大速度误差=1.7120e-01 验证最大压力误差=5.4039e-01
[第一阶段_速度模型 第180轮] 总损失=1.0919e-02 验证速度相对二范数=3.9409e-02 验证压力相对二范数=4.9813e-01 验证最大速度误差=1.6272e-01 验证最大压力误差=5.4039e-01
[第一阶段_速度模型 第200轮] 总损失=8.3410e-03 验证速度相对二范数=3.6113e-02 验证压力相对二范数=4.9813e-01 验证最大速度误差=1.5613e-01 验证最大压力误差=5.4039e-01
[第二阶段_压力模型 第1轮] 总损失=2.9745e+00 验证速度相对二范数=3.6113e-02 验证压力相对二范数=4.5132e-01 验证最大速度误差=1.5613e-01 验证最大压力误差=4.9525e-01
[第二阶段_压力模型 第20轮] 总损失=1.0037e-01 验证速度相对二范数=3.6113e-02 验证压力相对二范数=1.9244e-01 验证最大速度误差=1.5613e-01 验证最大压力误差=2.4890e-01
[第二阶段_压力模型 第40轮] 总损失=3.0238e-02 验证速度相对二范数=3.6113e-02 验证压力相对二范数=1.4116e-01 验证最大速度误差=1.5613e-01 验证最大压力误差=1.8692e-01
[第二阶段_压力模型 第60轮] 总损失=7.8319e-03 验证速度相对二范数=3.6113e-02 验证压力相对二范数=6.9787e-02 验证最大速度误差=1.5613e-01 验证最大压力误差=1.1093e-01
[第二阶段_压力模型 第80轮] 总损失=4.2767e-03 验证速度相对二范数=3.6113e-02 验证压力相对二范数=5.3227e-02 验证最大速度误差=1.5613e-01 验证最大压力误差=9.3360e-02
[第二阶段_压力模型 第100轮] 总损失=2.6217e-03 验证速度相对二范数=3.6113e-02 验证压力相对二范数=4.1894e-02 验证最大速度误差=1.5613e-01 验证最大压力误差=8.1751e-02
[第二阶段_压力模型 第120轮] 总损失=1.7553e-03 验证速度相对二范数=3.6113e-02 验证压力相对二范数=3.4735e-02 验证最大速度误差=1.5613e-01 验证最大压力误差=7.2831e-02
[第二阶段_压力模型 第140轮] 总损失=1.2006e-03 验证速度相对二范数=3.6113e-02 验证压力相对二范数=2.9950e-02 验证最大速度误差=1.5613e-01 验证最大压力误差=6.5877e-02
[第二阶段_压力模型 第160轮] 总损失=8.4145e-04 验证速度相对二范数=3.6113e-02 验证压力相对二范数=2.5894e-02 验证最大速度误差=1.5613e-01 验证最大压力误差=6.0258e-02
[第二阶段_压力模型 第180轮] 总损失=6.1584e-04 验证速度相对二范数=3.6113e-02 验证压力相对二范数=2.2776e-02 验证最大速度误差=1.5613e-01 验证最大压力误差=5.5071e-02
[第二阶段_压力模型 第200轮] 总损失=4.7527e-04 验证速度相对二范数=3.6113e-02 验证压力相对二范数=2.0531e-02 验证最大速度误差=1.5613e-01 验证最大压力误差=5.0543e-02
[第三阶段_交替耦合 第1轮] 总损失=2.8901e-02 验证速度相对二范数=3.5586e-02 验证压力相对二范数=1.7714e-02 验证最大速度误差=1.5379e-01 验证最大压力误差=6.2066e-02
[第三阶段_交替耦合 第20轮] 总损失=2.0150e-02 验证速度相对二范数=3.0988e-02 验证压力相对二范数=2.3479e-02 验证最大速度误差=1.4469e-01 验证最大压力误差=4.8221e-02
[第三阶段_交替耦合 第40轮] 总损失=1.3740e-02 验证速度相对二范数=2.7959e-02 验证压力相对二范数=2.2709e-02 验证最大速度误差=1.3751e-01 验证最大压力误差=4.2608e-02
[完成] 输出目录=/root/dev/pinn-platform-v4/model/results/pinn/bend_independent_blunted_sparse10clean_softwall_v1_20260420
{
  "最终验证指标": {
    "rel_l2_u": 0.04578307643532753,
    "rel_l2_v": 0.02533935196697712,
    "rel_l2_p": 0.02270922064781189,
    "rel_l2_speed": 0.027958646416664124,
    "max_speed_err_over_speed_max": 0.1375052034854889,
    "max_p_err_over_p_range": 0.042607735842466354,
    "p95_speed_err_over_speed_max": 0.03534497320652008,
    "p95_p_err_over_p_range": 0.02404160611331463
  }
}
