
$ python3 /root/dev/pinn-platform-v4/model/scripts/train_velocity_pressure_independent.py --run-name contraction_independent_basic_sparse5clean_softwall_ablation_v1_20260420 --feature-mode basic --train-velocity-source obs_sparse_5pct --val-velocity-source obs_sparse_5pct --train-pressure-source obs_sparse_5pct --val-pressure-source obs_sparse_5pct --family contraction_2d --train-cases C-base,C-train-1,C-train-2,C-train-3,C-train-4,C-train-5 --val-cases C-val --device cpu --velocity-hidden-layers 128,128,128 --pressure-hidden-layers 128,128,128 --activation silu --velocity-epochs 200 --pressure-epochs 200 --coupling-epochs 80 --velocity-lr 6e-4 --pressure-lr 6e-4 --coupling-velocity-lr 1e-4 --coupling-pressure-lr 1e-4 --wall-weight 0.0 --inlet-flux-weight 0.5 --continuity-weight 0.1 --velocity-stage-continuity-weight 0.3 --velocity-stage-momentum-weight 0.0 --outlet-pressure-weight 1e-4 --pressure-drop-weight 1.0 --pressure-stage-momentum-weight 0.5 --velocity-wall-mode soft --coupling-momentum-weight 10.0 --coupling-continuity-weight 0.1 --coupling-velocity-supervision-weight 1.0 --coupling-pressure-supervision-weight 1.0 --max-physics-points 512 --print-every 20 --max-retries 1
[第一阶段_速度模型 第1轮] 总损失=2.8729e+00 验证速度相对二范数=5.9112e-01 验证压力相对二范数=7.0037e-01 验证最大速度误差=6.0980e-01 验证最大压力误差=7.2486e-01
[第一阶段_速度模型 第20轮] 总损失=2.4161e+00 验证速度相对二范数=5.6734e-01 验证压力相对二范数=7.0037e-01 验证最大速度误差=5.9460e-01 验证最大压力误差=7.2486e-01
[第一阶段_速度模型 第40轮] 总损失=2.3174e+00 验证速度相对二范数=5.5157e-01 验证压力相对二范数=7.0037e-01 验证最大速度误差=5.8578e-01 验证最大压力误差=7.2486e-01
[第一阶段_速度模型 第60轮] 总损失=2.1743e+00 验证速度相对二范数=5.1638e-01 验证压力相对二范数=7.0037e-01 验证最大速度误差=5.6529e-01 验证最大压力误差=7.2486e-01
[第一阶段_速度模型 第80轮] 总损失=1.9525e+00 验证速度相对二范数=4.2914e-01 验证压力相对二范数=7.0037e-01 验证最大速度误差=5.1948e-01 验证最大压力误差=7.2486e-01
[第一阶段_速度模型 第100轮] 总损失=1.8541e+00 验证速度相对二范数=3.9198e-01 验证压力相对二范数=7.0037e-01 验证最大速度误差=4.7513e-01 验证最大压力误差=7.2486e-01
[第一阶段_速度模型 第120轮] 总损失=1.8054e+00 验证速度相对二范数=3.7695e-01 验证压力相对二范数=7.0037e-01 验证最大速度误差=4.7701e-01 验证最大压力误差=7.2486e-01
[第一阶段_速度模型 第140轮] 总损失=1.7497e+00 验证速度相对二范数=3.6716e-01 验证压力相对二范数=7.0037e-01 验证最大速度误差=4.8508e-01 验证最大压力误差=7.2486e-01
[第一阶段_速度模型 第160轮] 总损失=1.6384e+00 验证速度相对二范数=3.5265e-01 验证压力相对二范数=7.0037e-01 验证最大速度误差=4.7939e-01 验证最大压力误差=7.2486e-01
[第一阶段_速度模型 第180轮] 总损失=1.4018e+00 验证速度相对二范数=3.2834e-01 验证压力相对二范数=7.0037e-01 验证最大速度误差=4.5475e-01 验证最大压力误差=7.2486e-01
[第一阶段_速度模型 第200轮] 总损失=1.2515e+00 验证速度相对二范数=2.9358e-01 验证压力相对二范数=7.0037e-01 验证最大速度误差=4.1059e-01 验证最大压力误差=7.2486e-01
[第二阶段_压力模型 第1轮] 总损失=3.2207e+01 验证速度相对二范数=2.9358e-01 验证压力相对二范数=6.9743e-01 验证最大速度误差=4.1059e-01 验证最大压力误差=7.1687e-01
[第二阶段_压力模型 第20轮] 总损失=2.3866e+01 验证速度相对二范数=2.9358e-01 验证压力相对二范数=6.1385e-01 验证最大速度误差=4.1059e-01 验证最大压力误差=6.3535e-01
[第二阶段_压力模型 第40轮] 总损失=2.3375e+01 验证速度相对二范数=2.9358e-01 验证压力相对二范数=5.5561e-01 验证最大速度误差=4.1059e-01 验证最大压力误差=5.7121e-01
[第二阶段_压力模型 第60轮] 总损失=2.3136e+01 验证速度相对二范数=2.9358e-01 验证压力相对二范数=5.3306e-01 验证最大速度误差=4.1059e-01 验证最大压力误差=5.6297e-01
[第二阶段_压力模型 第80轮] 总损失=2.2969e+01 验证速度相对二范数=2.9358e-01 验证压力相对二范数=4.9063e-01 验证最大速度误差=4.1059e-01 验证最大压力误差=5.3276e-01
[第二阶段_压力模型 第100轮] 总损失=2.2784e+01 验证速度相对二范数=2.9358e-01 验证压力相对二范数=4.2522e-01 验证最大速度误差=4.1059e-01 验证最大压力误差=4.8661e-01
[第二阶段_压力模型 第120轮] 总损失=2.2628e+01 验证速度相对二范数=2.9358e-01 验证压力相对二范数=3.4485e-01 验证最大速度误差=4.1059e-01 验证最大压力误差=4.2709e-01
[第二阶段_压力模型 第140轮] 总损失=2.2554e+01 验证速度相对二范数=2.9358e-01 验证压力相对二范数=2.6404e-01 验证最大速度误差=4.1059e-01 验证最大压力误差=3.5977e-01
[第二阶段_压力模型 第160轮] 总损失=2.2530e+01 验证速度相对二范数=2.9358e-01 验证压力相对二范数=2.1645e-01 验证最大速度误差=4.1059e-01 验证最大压力误差=3.1383e-01
[第二阶段_压力模型 第180轮] 总损失=2.2518e+01 验证速度相对二范数=2.9358e-01 验证压力相对二范数=1.9463e-01 验证最大速度误差=4.1059e-01 验证最大压力误差=2.8842e-01
[第二阶段_压力模型 第200轮] 总损失=2.2508e+01 验证速度相对二范数=2.9358e-01 验证压力相对二范数=1.8354e-01 验证最大速度误差=4.1059e-01 验证最大压力误差=2.7469e-01
[第三阶段_交替耦合 第1轮] 总损失=8.8334e+02 验证速度相对二范数=2.9673e-01 验证压力相对二范数=1.8270e-01 验证最大速度误差=4.1862e-01 验证最大压力误差=2.7274e-01
[第三阶段_交替耦合 第20轮] 总损失=4.3515e+02 验证速度相对二范数=4.0996e-01 验证压力相对二范数=1.7756e-01 验证最大速度误差=5.5980e-01 验证最大压力误差=2.3869e-01
[第三阶段_交替耦合 第40轮] 总损失=1.8918e+02 验证速度相对二范数=5.5698e-01 验证压力相对二范数=1.7740e-01 验证最大速度误差=6.8333e-01 验证最大压力误差=2.4925e-01
[第三阶段_交替耦合 第60轮] 总损失=8.5696e+01 验证速度相对二范数=6.7805e-01 验证压力相对二范数=1.7139e-01 验证最大速度误差=7.9276e-01 验证最大压力误差=2.3662e-01
[第三阶段_交替耦合 第80轮] 总损失=4.8920e+01 验证速度相对二范数=7.5429e-01 验证压力相对二范数=1.6271e-01 验证最大速度误差=9.1514e-01 验证最大压力误差=2.2983e-01
[完成] 输出目录=/root/dev/pinn-platform-v4/model/results/pinn/contraction_independent_basic_sparse5clean_softwall_ablation_v1_20260420
{
  "最终验证指标": {
    "rel_l2_u": 0.7543349862098694,
    "rel_l2_v": 0.9577757120132446,
    "rel_l2_p": 0.1627063900232315,
    "rel_l2_speed": 0.7542903423309326,
    "max_speed_err_over_speed_max": 0.915135383605957,
    "max_p_err_over_p_range": 0.22983291745185852,
    "p95_speed_err_over_speed_max": 0.847108781337738,
    "p95_p_err_over_p_range": 0.22064250707626343
  }
}
