
$ python3 /root/dev/pinn-platform-v4/model/scripts/train_velocity_pressure_independent.py --run-name contraction_independent_geometry_dense_softwall_ablation_v1_20260420 --feature-mode geometry --train-velocity-source dense --val-velocity-source dense --train-pressure-source dense --val-pressure-source dense --family contraction_2d --train-cases C-base,C-train-1,C-train-2,C-train-3,C-train-4,C-train-5 --val-cases C-val --device cpu --velocity-hidden-layers 128,128,128 --pressure-hidden-layers 128,128,128 --activation silu --velocity-epochs 200 --pressure-epochs 200 --coupling-epochs 80 --velocity-lr 6e-4 --pressure-lr 6e-4 --coupling-velocity-lr 1e-4 --coupling-pressure-lr 1e-4 --wall-weight 0.0 --inlet-flux-weight 0.5 --continuity-weight 0.1 --velocity-stage-continuity-weight 0.3 --velocity-stage-momentum-weight 0.0 --outlet-pressure-weight 1e-4 --pressure-drop-weight 1.0 --pressure-stage-momentum-weight 0.5 --velocity-wall-mode soft --coupling-momentum-weight 10.0 --coupling-continuity-weight 0.1 --coupling-velocity-supervision-weight 1.0 --coupling-pressure-supervision-weight 1.0 --max-physics-points 512 --print-every 20 --max-retries 1 --drop-features inlet_profile_star
[第一阶段_速度模型 第1轮] 总损失=2.0124e+00 验证速度相对二范数=5.8002e-01 验证压力相对二范数=7.1040e-01 验证最大速度误差=6.0418e-01 验证最大压力误差=7.7142e-01
[第一阶段_速度模型 第20轮] 总损失=9.7118e-01 验证速度相对二范数=2.0264e-01 验证压力相对二范数=7.1040e-01 验证最大速度误差=2.5131e-01 验证最大压力误差=7.7142e-01
[第一阶段_速度模型 第40轮] 总损失=7.1168e-01 验证速度相对二范数=1.6541e-01 验证压力相对二范数=7.1040e-01 验证最大速度误差=2.4504e-01 验证最大压力误差=7.7142e-01
[第一阶段_速度模型 第60轮] 总损失=4.2501e-01 验证速度相对二范数=1.0856e-01 验证压力相对二范数=7.1040e-01 验证最大速度误差=1.4119e-01 验证最大压力误差=7.7142e-01
[第一阶段_速度模型 第80轮] 总损失=2.7908e-01 验证速度相对二范数=8.4897e-02 验证压力相对二范数=7.1040e-01 验证最大速度误差=1.1209e-01 验证最大压力误差=7.7142e-01
[第一阶段_速度模型 第100轮] 总损失=1.5046e-01 验证速度相对二范数=5.3832e-02 验证压力相对二范数=7.1040e-01 验证最大速度误差=8.1579e-02 验证最大压力误差=7.7142e-01
[第一阶段_速度模型 第120轮] 总损失=6.9549e-02 验证速度相对二范数=4.7765e-02 验证压力相对二范数=7.1040e-01 验证最大速度误差=9.1575e-02 验证最大压力误差=7.7142e-01
[第一阶段_速度模型 第140轮] 总损失=3.5145e-02 验证速度相对二范数=4.1891e-02 验证压力相对二范数=7.1040e-01 验证最大速度误差=7.6170e-02 验证最大压力误差=7.7142e-01
[第一阶段_速度模型 第160轮] 总损失=2.0735e-02 验证速度相对二范数=3.6426e-02 验证压力相对二范数=7.1040e-01 验证最大速度误差=7.7643e-02 验证最大压力误差=7.7142e-01
[第一阶段_速度模型 第180轮] 总损失=1.3901e-02 验证速度相对二范数=3.3983e-02 验证压力相对二范数=7.1040e-01 验证最大速度误差=7.9368e-02 验证最大压力误差=7.7142e-01
[第一阶段_速度模型 第200轮] 总损失=1.0193e-02 验证速度相对二范数=3.0069e-02 验证压力相对二范数=7.1040e-01 验证最大速度误差=7.4220e-02 验证最大压力误差=7.7142e-01
[第二阶段_压力模型 第1轮] 总损失=1.0105e+01 验证速度相对二范数=3.0069e-02 验证压力相对二范数=7.0788e-01 验证最大速度误差=7.4220e-02 验证最大压力误差=7.6644e-01
[第二阶段_压力模型 第20轮] 总损失=1.2364e+00 验证速度相对二范数=3.0069e-02 验证压力相对二范数=6.3674e-01 验证最大速度误差=7.4220e-02 验证最大压力误差=6.5006e-01
[第二阶段_压力模型 第40轮] 总损失=5.8190e-01 验证速度相对二范数=3.0069e-02 验证压力相对二范数=5.5880e-01 验证最大速度误差=7.4220e-02 验证最大压力误差=6.0018e-01
[第二阶段_压力模型 第60轮] 总损失=4.2554e-01 验证速度相对二范数=3.0069e-02 验证压力相对二范数=4.9805e-01 验证最大速度误差=7.4220e-02 验证最大压力误差=5.4216e-01
[第二阶段_压力模型 第80轮] 总损失=2.8729e-01 验证速度相对二范数=3.0069e-02 验证压力相对二范数=4.2935e-01 验证最大速度误差=7.4220e-02 验证最大压力误差=5.3977e-01
[第二阶段_压力模型 第100轮] 总损失=1.9165e-01 验证速度相对二范数=3.0069e-02 验证压力相对二范数=3.5925e-01 验证最大速度误差=7.4220e-02 验证最大压力误差=5.1542e-01
[第二阶段_压力模型 第120轮] 总损失=1.3939e-01 验证速度相对二范数=3.0069e-02 验证压力相对二范数=3.0538e-01 验证最大速度误差=7.4220e-02 验证最大压力误差=4.8450e-01
[第二阶段_压力模型 第140轮] 总损失=1.0780e-01 验证速度相对二范数=3.0069e-02 验证压力相对二范数=2.6563e-01 验证最大速度误差=7.4220e-02 验证最大压力误差=4.4497e-01
[第二阶段_压力模型 第160轮] 总损失=8.4187e-02 验证速度相对二范数=3.0069e-02 验证压力相对二范数=2.3231e-01 验证最大速度误差=7.4220e-02 验证最大压力误差=4.0080e-01
[第二阶段_压力模型 第180轮] 总损失=6.5661e-02 验证速度相对二范数=3.0069e-02 验证压力相对二范数=2.0087e-01 验证最大速度误差=7.4220e-02 验证最大压力误差=3.5566e-01
[第二阶段_压力模型 第200轮] 总损失=5.1098e-02 验证速度相对二范数=3.0069e-02 验证压力相对二范数=1.7439e-01 验证最大速度误差=7.4220e-02 验证最大压力误差=3.1594e-01
[第三阶段_交替耦合 第1轮] 总损失=8.6740e-02 验证速度相对二范数=3.3582e-02 验证压力相对二范数=1.7362e-01 验证最大速度误差=7.9280e-02 验证最大压力误差=3.1507e-01
[第三阶段_交替耦合 第20轮] 总损失=5.0698e-02 验证速度相对二范数=3.1719e-02 验证压力相对二范数=1.5213e-01 验证最大速度误差=7.9406e-02 验证最大压力误差=2.7135e-01
[第三阶段_交替耦合 第40轮] 总损失=3.6626e-02 验证速度相对二范数=2.8091e-02 验证压力相对二范数=1.3337e-01 验证最大速度误差=6.7430e-02 验证最大压力误差=2.2431e-01
[第三阶段_交替耦合 第60轮] 总损失=2.6670e-02 验证速度相对二范数=2.5656e-02 验证压力相对二范数=1.1931e-01 验证最大速度误差=6.1790e-02 验证最大压力误差=1.8600e-01
[第三阶段_交替耦合 第80轮] 总损失=1.9344e-02 验证速度相对二范数=2.3690e-02 验证压力相对二范数=1.0789e-01 验证最大速度误差=5.7779e-02 验证最大压力误差=1.5703e-01
[完成] 输出目录=/root/dev/pinn-platform-v4/model/results/pinn/contraction_independent_geometry_dense_softwall_ablation_v1_20260420
{
  "最终验证指标": {
    "rel_l2_u": 0.023691585287451744,
    "rel_l2_v": 0.07547317445278168,
    "rel_l2_p": 0.10789201408624649,
    "rel_l2_speed": 0.023689555004239082,
    "max_speed_err_over_speed_max": 0.057779375463724136,
    "max_p_err_over_p_range": 0.15703320503234863,
    "p95_speed_err_over_speed_max": 0.021055109798908234,
    "p95_p_err_over_p_range": 0.13137935101985931
  }
}
