
$ python3 /root/dev/pinn-platform-v4/model/scripts/train_velocity_pressure_independent.py --run-name contraction_independent_basic_dense_softwall_ablation_v1_20260420 --feature-mode basic --train-velocity-source dense --val-velocity-source dense --train-pressure-source dense --val-pressure-source dense --family contraction_2d --train-cases C-base,C-train-1,C-train-2,C-train-3,C-train-4,C-train-5 --val-cases C-val --device cpu --velocity-hidden-layers 128,128,128 --pressure-hidden-layers 128,128,128 --activation silu --velocity-epochs 200 --pressure-epochs 200 --coupling-epochs 80 --velocity-lr 6e-4 --pressure-lr 6e-4 --coupling-velocity-lr 1e-4 --coupling-pressure-lr 1e-4 --wall-weight 0.0 --inlet-flux-weight 0.5 --continuity-weight 0.1 --velocity-stage-continuity-weight 0.3 --velocity-stage-momentum-weight 0.0 --outlet-pressure-weight 1e-4 --pressure-drop-weight 1.0 --pressure-stage-momentum-weight 0.5 --velocity-wall-mode soft --coupling-momentum-weight 10.0 --coupling-continuity-weight 0.1 --coupling-velocity-supervision-weight 1.0 --coupling-pressure-supervision-weight 1.0 --max-physics-points 512 --print-every 20 --max-retries 1
[第一阶段_速度模型 第1轮] 总损失=2.0213e+00 验证速度相对二范数=5.9116e-01 验证压力相对二范数=7.0037e-01 验证最大速度误差=6.1251e-01 验证最大压力误差=7.2486e-01
[第一阶段_速度模型 第20轮] 总损失=1.8451e+00 验证速度相对二范数=5.5171e-01 验证压力相对二范数=7.0037e-01 验证最大速度误差=5.1941e-01 验证最大压力误差=7.2486e-01
[第一阶段_速度模型 第40轮] 总损失=1.6528e+00 验证速度相对二范数=5.1286e-01 验证压力相对二范数=7.0037e-01 验证最大速度误差=5.1716e-01 验证最大压力误差=7.2486e-01
[第一阶段_速度模型 第60轮] 总损失=1.1780e+00 验证速度相对二范数=4.0403e-01 验证压力相对二范数=7.0037e-01 验证最大速度误差=4.9616e-01 验证最大压力误差=7.2486e-01
[第一阶段_速度模型 第80轮] 总损失=1.0979e+00 验证速度相对二范数=3.7881e-01 验证压力相对二范数=7.0037e-01 验证最大速度误差=4.7445e-01 验证最大压力误差=7.2486e-01
[第一阶段_速度模型 第100轮] 总损失=1.0474e+00 验证速度相对二范数=3.5650e-01 验证压力相对二范数=7.0037e-01 验证最大速度误差=4.4317e-01 验证最大压力误差=7.2486e-01
[第一阶段_速度模型 第120轮] 总损失=9.9625e-01 验证速度相对二范数=3.2964e-01 验证压力相对二范数=7.0037e-01 验证最大速度误差=3.8242e-01 验证最大压力误差=7.2486e-01
[第一阶段_速度模型 第140轮] 总损失=9.4378e-01 验证速度相对二范数=2.9999e-01 验证压力相对二范数=7.0037e-01 验证最大速度误差=3.7734e-01 验证最大压力误差=7.2486e-01
[第一阶段_速度模型 第160轮] 总损失=8.9018e-01 验证速度相对二范数=2.6865e-01 验证压力相对二范数=7.0037e-01 验证最大速度误差=3.6965e-01 验证最大压力误差=7.2486e-01
[第一阶段_速度模型 第180轮] 总损失=8.2698e-01 验证速度相对二范数=2.4049e-01 验证压力相对二范数=7.0037e-01 验证最大速度误差=3.3196e-01 验证最大压力误差=7.2486e-01
[第一阶段_速度模型 第200轮] 总损失=7.6689e-01 验证速度相对二范数=2.2118e-01 验证压力相对二范数=7.0037e-01 验证最大速度误差=3.1972e-01 验证最大压力误差=7.2486e-01
[第二阶段_压力模型 第1轮] 总损失=4.2010e+01 验证速度相对二范数=2.2118e-01 验证压力相对二范数=6.9749e-01 验证最大速度误差=3.1972e-01 验证最大压力误差=7.1695e-01
[第二阶段_压力模型 第20轮] 总损失=3.3567e+01 验证速度相对二范数=2.2118e-01 验证压力相对二范数=6.1758e-01 验证最大速度误差=3.1972e-01 验证最大压力误差=6.3769e-01
[第二阶段_压力模型 第40轮] 总损失=3.3083e+01 验证速度相对二范数=2.2118e-01 验证压力相对二范数=5.6223e-01 验证最大速度误差=3.1972e-01 验证最大压力误差=5.7554e-01
[第二阶段_压力模型 第60轮] 总损失=3.2856e+01 验证速度相对二范数=2.2118e-01 验证压力相对二范数=5.4229e-01 验证最大速度误差=3.1972e-01 验证最大压力误差=5.6819e-01
[第二阶段_压力模型 第80轮] 总损失=3.2707e+01 验证速度相对二范数=2.2118e-01 验证压力相对二范数=5.0441e-01 验证最大速度误差=3.1972e-01 验证最大压力误差=5.3980e-01
[第二阶段_压力模型 第100轮] 总损失=3.2543e+01 验证速度相对二范数=2.2118e-01 验证压力相对二范数=4.4546e-01 验证最大速度误差=3.1972e-01 验证最大压力误差=4.9767e-01
[第二阶段_压力模型 第120轮] 总损失=3.2401e+01 验证速度相对二范数=2.2118e-01 验证压力相对二范数=3.7214e-01 验证最大速度误差=3.1972e-01 验证最大压力误差=4.4520e-01
[第二阶段_压力模型 第140轮] 总损失=3.2325e+01 验证速度相对二范数=2.2118e-01 验证压力相对二范数=2.9373e-01 验证最大速度误差=3.1972e-01 验证最大压力误差=3.8472e-01
[第二阶段_压力模型 第160轮] 总损失=3.2299e+01 验证速度相对二范数=2.2118e-01 验证压力相对二范数=2.3999e-01 验证最大速度误差=3.1972e-01 验证最大压力误差=3.3753e-01
[第二阶段_压力模型 第180轮] 总损失=3.2286e+01 验证速度相对二范数=2.2118e-01 验证压力相对二范数=2.1246e-01 验证最大速度误差=3.1972e-01 验证最大压力误差=3.0892e-01
[第二阶段_压力模型 第200轮] 总损失=3.2276e+01 验证速度相对二范数=2.2118e-01 验证压力相对二范数=1.9778e-01 验证最大速度误差=3.1972e-01 验证最大压力误差=2.9160e-01
[第三阶段_交替耦合 第1轮] 总损失=1.2725e+03 验证速度相对二范数=2.2216e-01 验证压力相对二范数=1.9627e-01 验证最大速度误差=3.2286e-01 验证最大压力误差=2.8976e-01
[第三阶段_交替耦合 第20轮] 总损失=7.5824e+02 验证速度相对二范数=2.8612e-01 验证压力相对二范数=1.7676e-01 验证最大速度误差=3.9322e-01 验证最大压力误差=2.2524e-01
[第三阶段_交替耦合 第40轮] 总损失=4.2333e+02 验证速度相对二范数=3.8578e-01 验证压力相对二范数=1.7741e-01 验证最大速度误差=4.6119e-01 验证最大压力误差=2.5496e-01
[第三阶段_交替耦合 第60轮] 总损失=2.2909e+02 验证速度相对二范数=4.7874e-01 验证压力相对二范数=1.7676e-01 验证最大速度误差=5.0932e-01 验证最大压力误差=2.5704e-01
[第三阶段_交替耦合 第80轮] 总损失=1.1993e+02 验证速度相对二范数=5.5707e-01 验证压力相对二范数=1.6748e-01 验证最大速度误差=5.8330e-01 验证最大压力误差=2.2705e-01
[完成] 输出目录=/root/dev/pinn-platform-v4/model/results/pinn/contraction_independent_basic_dense_softwall_ablation_v1_20260420
{
  "最终验证指标": {
    "rel_l2_u": 0.5571035146713257,
    "rel_l2_v": 0.8558415174484253,
    "rel_l2_p": 0.1674836277961731,
    "rel_l2_speed": 0.5570721626281738,
    "max_speed_err_over_speed_max": 0.5833031535148621,
    "max_p_err_over_p_range": 0.22705040872097015,
    "p95_speed_err_over_speed_max": 0.528303325176239,
    "p95_p_err_over_p_range": 0.2098989188671112
  }
}
