
$ python3 /root/dev/pinn-platform-v4/model/scripts/train_velocity_pressure_independent.py --run-name contraction_independent_geometry_sparse5clean_softwall_ablation_v1_20260420 --feature-mode geometry --train-velocity-source obs_sparse_5pct --val-velocity-source obs_sparse_5pct --train-pressure-source obs_sparse_5pct --val-pressure-source obs_sparse_5pct --family contraction_2d --train-cases C-base,C-train-1,C-train-2,C-train-3,C-train-4,C-train-5 --val-cases C-val --device cpu --velocity-hidden-layers 128,128,128 --pressure-hidden-layers 128,128,128 --activation silu --velocity-epochs 200 --pressure-epochs 200 --coupling-epochs 80 --velocity-lr 6e-4 --pressure-lr 6e-4 --coupling-velocity-lr 1e-4 --coupling-pressure-lr 1e-4 --wall-weight 0.0 --inlet-flux-weight 0.5 --continuity-weight 0.1 --velocity-stage-continuity-weight 0.3 --velocity-stage-momentum-weight 0.0 --outlet-pressure-weight 1e-4 --pressure-drop-weight 1.0 --pressure-stage-momentum-weight 0.5 --velocity-wall-mode soft --coupling-momentum-weight 10.0 --coupling-continuity-weight 0.1 --coupling-velocity-supervision-weight 1.0 --coupling-pressure-supervision-weight 1.0 --max-physics-points 512 --print-every 20 --max-retries 1 --drop-features inlet_profile_star
[第一阶段_速度模型 第1轮] 总损失=2.8311e+00 验证速度相对二范数=5.8069e-01 验证压力相对二范数=7.1040e-01 验证最大速度误差=6.0245e-01 验证最大压力误差=7.7142e-01
[第一阶段_速度模型 第20轮] 总损失=1.7198e+00 验证速度相对二范数=2.6025e-01 验证压力相对二范数=7.1040e-01 验证最大速度误差=3.6770e-01 验证最大压力误差=7.7142e-01
[第一阶段_速度模型 第40轮] 总损失=8.4257e-01 验证速度相对二范数=2.5733e-01 验证压力相对二范数=7.1040e-01 验证最大速度误差=4.0449e-01 验证最大压力误差=7.7142e-01
[第一阶段_速度模型 第60轮] 总损失=1.8707e-01 验证速度相对二范数=2.2741e-01 验证压力相对二范数=7.1040e-01 验证最大速度误差=3.7024e-01 验证最大压力误差=7.7142e-01
[第一阶段_速度模型 第80轮] 总损失=1.0888e-01 验证速度相对二范数=2.3189e-01 验证压力相对二范数=7.1040e-01 验证最大速度误差=3.7985e-01 验证最大压力误差=7.7142e-01
[第一阶段_速度模型 第100轮] 总损失=7.7929e-02 验证速度相对二范数=2.2560e-01 验证压力相对二范数=7.1040e-01 验证最大速度误差=3.6888e-01 验证最大压力误差=7.7142e-01
[第一阶段_速度模型 第120轮] 总损失=5.4786e-02 验证速度相对二范数=2.1640e-01 验证压力相对二范数=7.1040e-01 验证最大速度误差=3.5886e-01 验证最大压力误差=7.7142e-01
[第一阶段_速度模型 第140轮] 总损失=3.4407e-02 验证速度相对二范数=2.0575e-01 验证压力相对二范数=7.1040e-01 验证最大速度误差=3.5058e-01 验证最大压力误差=7.7142e-01
[第一阶段_速度模型 第160轮] 总损失=1.9555e-02 验证速度相对二范数=1.9353e-01 验证压力相对二范数=7.1040e-01 验证最大速度误差=3.3655e-01 验证最大压力误差=7.7142e-01
[第一阶段_速度模型 第180轮] 总损失=1.2184e-02 验证速度相对二范数=1.8278e-01 验证压力相对二范数=7.1040e-01 验证最大速度误差=3.2189e-01 验证最大压力误差=7.7142e-01
[第一阶段_速度模型 第200轮] 总损失=9.2046e-03 验证速度相对二范数=1.7324e-01 验证压力相对二范数=7.1040e-01 验证最大速度误差=3.0699e-01 验证最大压力误差=7.7142e-01
[第二阶段_压力模型 第1轮] 总损失=1.0074e+01 验证速度相对二范数=1.7324e-01 验证压力相对二范数=7.0791e-01 验证最大速度误差=3.0699e-01 验证最大压力误差=7.6667e-01
[第二阶段_压力模型 第20轮] 总损失=1.2544e+00 验证速度相对二范数=1.7324e-01 验证压力相对二范数=6.3819e-01 验证最大速度误差=3.0699e-01 验证最大压力误差=6.5896e-01
[第二阶段_压力模型 第40轮] 总损失=5.7746e-01 验证速度相对二范数=1.7324e-01 验证压力相对二范数=5.6000e-01 验证最大速度误差=3.0699e-01 验证最大压力误差=6.1379e-01
[第二阶段_压力模型 第60轮] 总损失=4.0681e-01 验证速度相对二范数=1.7324e-01 验证压力相对二范数=4.9899e-01 验证最大速度误差=3.0699e-01 验证最大压力误差=5.6238e-01
[第二阶段_压力模型 第80轮] 总损失=2.6125e-01 验证速度相对二范数=1.7324e-01 验证压力相对二范数=4.2954e-01 验证最大速度误差=3.0699e-01 验证最大压力误差=5.4901e-01
[第二阶段_压力模型 第100轮] 总损失=1.7143e-01 验证速度相对二范数=1.7324e-01 验证压力相对二范数=3.5731e-01 验证最大速度误差=3.0699e-01 验证最大压力误差=5.3061e-01
[第二阶段_压力模型 第120轮] 总损失=1.2584e-01 验证速度相对二范数=1.7324e-01 验证压力相对二范数=3.0764e-01 验证最大速度误差=3.0699e-01 验证最大压力误差=5.0913e-01
[第二阶段_压力模型 第140轮] 总损失=9.7673e-02 验证速度相对二范数=1.7324e-01 验证压力相对二范数=2.7242e-01 验证最大速度误差=3.0699e-01 验证最大压力误差=4.7263e-01
[第二阶段_压力模型 第160轮] 总损失=7.7746e-02 验证速度相对二范数=1.7324e-01 验证压力相对二范数=2.4204e-01 验证最大速度误差=3.0699e-01 验证最大压力误差=4.3105e-01
[第二阶段_压力模型 第180轮] 总损失=6.2851e-02 验证速度相对二范数=1.7324e-01 验证压力相对二范数=2.1529e-01 验证最大速度误差=3.0699e-01 验证最大压力误差=3.9047e-01
[第二阶段_压力模型 第200轮] 总损失=5.1324e-02 验证速度相对二范数=1.7324e-01 验证压力相对二范数=1.9381e-01 验证最大速度误差=3.0699e-01 验证最大压力误差=3.5266e-01
[第三阶段_交替耦合 第1轮] 总损失=8.3210e-02 验证速度相对二范数=1.7362e-01 验证压力相对二范数=1.9354e-01 验证最大速度误差=3.0746e-01 验证最大压力误差=3.5324e-01
[第三阶段_交替耦合 第20轮] 总损失=5.1682e-02 验证速度相对二范数=1.7339e-01 验证压力相对二范数=1.7358e-01 验证最大速度误差=3.0739e-01 验证最大压力误差=3.0831e-01
[第三阶段_交替耦合 第40轮] 总损失=3.8575e-02 验证速度相对二范数=1.6889e-01 验证压力相对二范数=1.5531e-01 验证最大速度误差=2.9968e-01 验证最大压力误差=2.6726e-01
[第三阶段_交替耦合 第60轮] 总损失=2.8357e-02 验证速度相对二范数=1.6078e-01 验证压力相对二范数=1.3984e-01 验证最大速度误差=2.8659e-01 验证最大压力误差=2.3271e-01
[第三阶段_交替耦合 第80轮] 总损失=2.0460e-02 验证速度相对二范数=1.5330e-01 验证压力相对二范数=1.2633e-01 验证最大速度误差=2.7634e-01 验证最大压力误差=2.0199e-01
[完成] 输出目录=/root/dev/pinn-platform-v4/model/results/pinn/contraction_independent_geometry_sparse5clean_softwall_ablation_v1_20260420
{
  "最终验证指标": {
    "rel_l2_u": 0.15321552753448486,
    "rel_l2_v": 0.5796107649803162,
    "rel_l2_p": 0.1263335794210434,
    "rel_l2_speed": 0.15330128371715546,
    "max_speed_err_over_speed_max": 0.2763427197933197,
    "max_p_err_over_p_range": 0.20199018716812134,
    "p95_speed_err_over_speed_max": 0.22977913916110992,
    "p95_p_err_over_p_range": 0.15671496093273163
  }
}
