[run] contraction_independent_geometry_sparse5clean_stagepde_v4
[第一阶段_速度模型 第1轮] 总损失=2.7572e+00 验证速度相对二范数=4.8838e-01 验证压力相对二范数=7.1040e-01 验证最大速度误差=6.0232e-01 验证最大压力误差=7.7142e-01
[第一阶段_速度模型 第20轮] 总损失=1.6911e+00 验证速度相对二范数=1.1204e-01 验证压力相对二范数=7.1040e-01 验证最大速度误差=1.9833e-01 验证最大压力误差=7.7142e-01
[第一阶段_速度模型 第40轮] 总损失=8.2583e-01 验证速度相对二范数=7.7911e-02 验证压力相对二范数=7.1040e-01 验证最大速度误差=1.3888e-01 验证最大压力误差=7.7142e-01
[第一阶段_速度模型 第60轮] 总损失=1.6555e-01 验证速度相对二范数=7.2345e-02 验证压力相对二范数=7.1040e-01 验证最大速度误差=1.3648e-01 验证最大压力误差=7.7142e-01
[第一阶段_速度模型 第80轮] 总损失=9.4678e-02 验证速度相对二范数=5.5134e-02 验证压力相对二范数=7.1040e-01 验证最大速度误差=1.2028e-01 验证最大压力误差=7.7142e-01
[第一阶段_速度模型 第100轮] 总损失=6.8001e-02 验证速度相对二范数=5.2901e-02 验证压力相对二范数=7.1040e-01 验证最大速度误差=1.2520e-01 验证最大压力误差=7.7142e-01
[第一阶段_速度模型 第120轮] 总损失=4.9008e-02 验证速度相对二范数=4.9356e-02 验证压力相对二范数=7.1040e-01 验证最大速度误差=1.2237e-01 验证最大压力误差=7.7142e-01
[第一阶段_速度模型 第140轮] 总损失=3.2265e-02 验证速度相对二范数=4.3540e-02 验证压力相对二范数=7.1040e-01 验证最大速度误差=1.1435e-01 验证最大压力误差=7.7142e-01
[第一阶段_速度模型 第160轮] 总损失=1.9296e-02 验证速度相对二范数=3.7767e-02 验证压力相对二范数=7.1040e-01 验证最大速度误差=1.0338e-01 验证最大压力误差=7.7142e-01
[第一阶段_速度模型 第180轮] 总损失=1.1930e-02 验证速度相对二范数=3.3367e-02 验证压力相对二范数=7.1040e-01 验证最大速度误差=9.2990e-02 验证最大压力误差=7.7142e-01
[第一阶段_速度模型 第200轮] 总损失=8.7162e-03 验证速度相对二范数=3.0493e-02 验证压力相对二范数=7.1040e-01 验证最大速度误差=8.3563e-02 验证最大压力误差=7.7142e-01
[第二阶段_压力模型 第1轮] 总损失=1.0074e+01 验证速度相对二范数=3.0493e-02 验证压力相对二范数=7.0791e-01 验证最大速度误差=8.3563e-02 验证最大压力误差=7.6667e-01
[第二阶段_压力模型 第20轮] 总损失=1.2543e+00 验证速度相对二范数=3.0493e-02 验证压力相对二范数=6.3820e-01 验证最大速度误差=8.3563e-02 验证最大压力误差=6.5896e-01
[第二阶段_压力模型 第40轮] 总损失=5.7732e-01 验证速度相对二范数=3.0493e-02 验证压力相对二范数=5.6001e-01 验证最大速度误差=8.3563e-02 验证最大压力误差=6.1380e-01
[第二阶段_压力模型 第60轮] 总损失=4.0666e-01 验证速度相对二范数=3.0493e-02 验证压力相对二范数=4.9900e-01 验证最大速度误差=8.3563e-02 验证最大压力误差=5.6238e-01
[第二阶段_压力模型 第80轮] 总损失=2.6109e-01 验证速度相对二范数=3.0493e-02 验证压力相对二范数=4.2955e-01 验证最大速度误差=8.3563e-02 验证最大压力误差=5.4902e-01
[第二阶段_压力模型 第100轮] 总损失=1.7127e-01 验证速度相对二范数=3.0493e-02 验证压力相对二范数=3.5732e-01 验证最大速度误差=8.3563e-02 验证最大压力误差=5.3062e-01
[第二阶段_压力模型 第120轮] 总损失=1.2569e-01 验证速度相对二范数=3.0493e-02 验证压力相对二范数=3.0765e-01 验证最大速度误差=8.3563e-02 验证最大压力误差=5.0914e-01
[第二阶段_压力模型 第140轮] 总损失=9.7534e-02 验证速度相对二范数=3.0493e-02 验证压力相对二范数=2.7244e-01 验证最大速度误差=8.3563e-02 验证最大压力误差=4.7265e-01
[第二阶段_压力模型 第160轮] 总损失=7.7614e-02 验证速度相对二范数=3.0493e-02 验证压力相对二范数=2.4205e-01 验证最大速度误差=8.3563e-02 验证最大压力误差=4.3107e-01
[第二阶段_压力模型 第180轮] 总损失=6.2723e-02 验证速度相对二范数=3.0493e-02 验证压力相对二范数=2.1530e-01 验证最大速度误差=8.3563e-02 验证最大压力误差=3.9049e-01
[第二阶段_压力模型 第200轮] 总损失=5.1199e-02 验证速度相对二范数=3.0493e-02 验证压力相对二范数=1.9382e-01 验证最大速度误差=8.3563e-02 验证最大压力误差=3.5268e-01
[第三阶段_交替耦合 第1轮] 总损失=7.7392e-02 验证速度相对二范数=3.1694e-02 验证压力相对二范数=1.9365e-01 验证最大速度误差=8.4859e-02 验证最大压力误差=3.5331e-01
[第三阶段_交替耦合 第20轮] 总损失=5.0375e-02 验证速度相对二范数=3.2729e-02 验证压力相对二范数=1.7319e-01 验证最大速度误差=8.3406e-02 验证最大压力误差=3.0746e-01
[第三阶段_交替耦合 第40轮] 总损失=3.7485e-02 验证速度相对二范数=3.0743e-02 验证压力相对二范数=1.5470e-01 验证最大速度误差=7.9712e-02 验证最大压力误差=2.6572e-01
[第三阶段_交替耦合 第60轮] 总损失=2.7468e-02 验证速度相对二范数=3.0467e-02 验证压力相对二范数=1.3905e-01 验证最大速度误差=7.6743e-02 验证最大压力误差=2.3053e-01
[第三阶段_交替耦合 第80轮] 总损失=1.9726e-02 验证速度相对二范数=2.8904e-02 验证压力相对二范数=1.2549e-01 验证最大速度误差=7.2909e-02 验证最大压力误差=1.9963e-01
[完成] 输出目录=model/results/pinn/contraction_independent_geometry_sparse5clean_stagepde_v4
{
  "最终验证指标": {
    "rel_l2_u": 0.028904924169182777,
    "rel_l2_v": 0.09642502665519714,
    "rel_l2_p": 0.12548905611038208,
    "rel_l2_speed": 0.028904156759381294,
    "max_speed_err_over_speed_max": 0.07290919870138168,
    "max_p_err_over_p_range": 0.19962555170059204,
    "p95_speed_err_over_speed_max": 0.032133929431438446,
    "p95_p_err_over_p_range": 0.1557272970676422
  }
}
	Command being timed: "nice -n 10 python3 model/scripts/train_velocity_pressure_independent.py --run-name contraction_independent_geometry_sparse5clean_stagepde_v4 --family contraction_2d --train-cases C-base,C-train-1,C-train-2,C-train-3,C-train-4,C-train-5 --val-cases C-val --feature-mode geometry --drop-features inlet_profile_star --train-velocity-source obs_sparse_5pct --val-velocity-source obs_sparse_5pct --train-pressure-source obs_sparse_5pct --val-pressure-source obs_sparse_5pct --velocity-hidden-layers 128,128,128 --pressure-hidden-layers 128,128,128 --activation silu --velocity-epochs 200 --pressure-epochs 200 --coupling-epochs 80 --velocity-lr 6e-4 --pressure-lr 6e-4 --coupling-velocity-lr 1e-4 --coupling-pressure-lr 1e-4 --wall-weight 0.0 --inlet-flux-weight 0.5 --continuity-weight 0.1 --velocity-stage-continuity-weight 0.3 --velocity-stage-momentum-weight 0.0 --outlet-pressure-weight 1e-4 --pressure-drop-weight 1.0 --pressure-stage-momentum-weight 0.5 --velocity-wall-mode hard --hard-wall-sharpness 12 --coupling-momentum-weight 10.0 --coupling-continuity-weight 0.1 --coupling-velocity-supervision-weight 1.0 --coupling-pressure-supervision-weight 1.0 --max-physics-points 512 --print-every 20 --max-retries 1"
	User time (seconds): 56.67
	System time (seconds): 1.34
	Percent of CPU this job got: 97%
	Elapsed (wall clock) time (h:mm:ss or m:ss): 0:59.52
	Average shared text size (kbytes): 0
	Average unshared data size (kbytes): 0
	Average stack size (kbytes): 0
	Average total size (kbytes): 0
	Maximum resident set size (kbytes): 664060
	Average resident set size (kbytes): 0
	Major (requiring I/O) page faults: 72
	Minor (reclaiming a frame) page faults: 657479
	Voluntary context switches: 923
	Involuntary context switches: 5899
	Swaps: 0
	File system inputs: 176488
	File system outputs: 1240
	Socket messages sent: 0
	Socket messages received: 0
	Signals delivered: 0
	Page size (bytes): 4096
	Exit status: 0
