[run] contraction_independent_geometry_notemplate_stagepde_mainline_v4
[第一阶段_速度模型 第1轮] 总损失=1.4966e+00 验证速度相对二范数=4.8568e-01 验证压力相对二范数=7.1040e-01 验证最大速度误差=5.9687e-01 验证最大压力误差=7.7142e-01
[第一阶段_速度模型 第20轮] 总损失=8.3964e-01 验证速度相对二范数=8.3701e-02 验证压力相对二范数=7.1040e-01 验证最大速度误差=1.6673e-01 验证最大压力误差=7.7142e-01
[第一阶段_速度模型 第40轮] 总损失=4.9599e-01 验证速度相对二范数=7.5395e-02 验证压力相对二范数=7.1040e-01 验证最大速度误差=1.4241e-01 验证最大压力误差=7.7142e-01
[第一阶段_速度模型 第60轮] 总损失=1.0982e-01 验证速度相对二范数=6.6202e-02 验证压力相对二范数=7.1040e-01 验证最大速度误差=1.2769e-01 验证最大压力误差=7.7142e-01
[第一阶段_速度模型 第80轮] 总损失=5.9713e-02 验证速度相对二范数=5.2073e-02 验证压力相对二范数=7.1040e-01 验证最大速度误差=1.1917e-01 验证最大压力误差=7.7142e-01
[第一阶段_速度模型 第100轮] 总损失=4.1829e-02 验证速度相对二范数=4.7753e-02 验证压力相对二范数=7.1040e-01 验证最大速度误差=1.1495e-01 验证最大压力误差=7.7142e-01
[第一阶段_速度模型 第120轮] 总损失=2.9602e-02 验证速度相对二范数=4.3816e-02 验证压力相对二范数=7.1040e-01 验证最大速度误差=1.1284e-01 验证最大压力误差=7.7142e-01
[第一阶段_速度模型 第140轮] 总损失=1.9586e-02 验证速度相对二范数=3.9544e-02 验证压力相对二范数=7.1040e-01 验证最大速度误差=1.0805e-01 验证最大压力误差=7.7142e-01
[第一阶段_速度模型 第160轮] 总损失=1.2159e-02 验证速度相对二范数=3.4752e-02 验证压力相对二范数=7.1040e-01 验证最大速度误差=9.9615e-02 验证最大压力误差=7.7142e-01
[第一阶段_速度模型 第180轮] 总损失=7.7054e-03 验证速度相对二范数=3.0481e-02 验证压力相对二范数=7.1040e-01 验证最大速度误差=9.3707e-02 验证最大压力误差=7.7142e-01
[第一阶段_速度模型 第200轮] 总损失=5.5185e-03 验证速度相对二范数=2.6819e-02 验证压力相对二范数=7.1040e-01 验证最大速度误差=8.6832e-02 验证最大压力误差=7.7142e-01
[第二阶段_压力模型 第1轮] 总损失=1.0105e+01 验证速度相对二范数=2.6819e-02 验证压力相对二范数=7.0788e-01 验证最大速度误差=8.6832e-02 验证最大压力误差=7.6644e-01
[第二阶段_压力模型 第20轮] 总损失=1.2364e+00 验证速度相对二范数=2.6819e-02 验证压力相对二范数=6.3675e-01 验证最大速度误差=8.6832e-02 验证最大压力误差=6.5009e-01
[第二阶段_压力模型 第40轮] 总损失=5.8199e-01 验证速度相对二范数=2.6819e-02 验证压力相对二范数=5.5883e-01 验证最大速度误差=8.6832e-02 验证最大压力误差=6.0018e-01
[第二阶段_压力模型 第60轮] 总损失=4.2563e-01 验证速度相对二范数=2.6819e-02 验证压力相对二范数=4.9809e-01 验证最大速度误差=8.6832e-02 验证最大压力误差=5.4218e-01
[第二阶段_压力模型 第80轮] 总损失=2.8738e-01 验证速度相对二范数=2.6819e-02 验证压力相对二范数=4.2940e-01 验证最大速度误差=8.6832e-02 验证最大压力误差=5.3980e-01
[第二阶段_压力模型 第100轮] 总损失=1.9175e-01 验证速度相对二范数=2.6819e-02 验证压力相对二范数=3.5930e-01 验证最大速度误差=8.6832e-02 验证最大压力误差=5.1546e-01
[第二阶段_压力模型 第120轮] 总损失=1.3951e-01 验证速度相对二范数=2.6819e-02 验证压力相对二范数=3.0544e-01 验证最大速度误差=8.6832e-02 验证最大压力误差=4.8456e-01
[第二阶段_压力模型 第140轮] 总损失=1.0796e-01 验证速度相对二范数=2.6819e-02 验证压力相对二范数=2.6571e-01 验证最大速度误差=8.6832e-02 验证最大压力误差=4.4506e-01
[第二阶段_压力模型 第160轮] 总损失=8.4366e-02 验证速度相对二范数=2.6819e-02 验证压力相对二范数=2.3238e-01 验证最大速度误差=8.6832e-02 验证最大压力误差=4.0092e-01
[第二阶段_压力模型 第180轮] 总损失=6.5859e-02 验证速度相对二范数=2.6819e-02 验证压力相对二范数=2.0094e-01 验证最大速度误差=8.6832e-02 验证最大压力误差=3.5582e-01
[第二阶段_压力模型 第200轮] 总损失=5.1309e-02 验证速度相对二范数=2.6819e-02 验证压力相对二范数=1.7445e-01 验证最大速度误差=8.6832e-02 验证最大压力误差=3.1611e-01
[第三阶段_交替耦合 第1轮] 总损失=8.6691e-02 验证速度相对二范数=2.7619e-02 验证压力相对二范数=1.7426e-01 验证最大速度误差=8.5478e-02 验证最大压力误差=3.1553e-01
[第三阶段_交替耦合 第20轮] 总损失=4.4441e-02 验证速度相对二范数=2.6503e-02 验证压力相对二范数=1.4948e-01 验证最大速度误差=8.9393e-02 验证最大压力误差=2.6452e-01
[第三阶段_交替耦合 第40轮] 总损失=3.0668e-02 验证速度相对二范数=2.4960e-02 验证压力相对二范数=1.2984e-01 验证最大速度误差=7.8761e-02 验证最大压力误差=2.1330e-01
[第三阶段_交替耦合 第60轮] 总损失=2.1349e-02 验证速度相对二范数=2.3660e-02 验证压力相对二范数=1.1565e-01 验证最大速度误差=7.3250e-02 验证最大压力误差=1.7435e-01
[第三阶段_交替耦合 第80轮] 总损失=1.4747e-02 验证速度相对二范数=2.2113e-02 验证压力相对二范数=1.0409e-01 验证最大速度误差=6.8964e-02 验证最大压力误差=1.4599e-01
[完成] 输出目录=model/results/pinn/contraction_independent_geometry_notemplate_stagepde_mainline_v4
{
  "最终验证指标": {
    "rel_l2_u": 0.02211248129606247,
    "rel_l2_v": 0.06820979714393616,
    "rel_l2_p": 0.10409148037433624,
    "rel_l2_speed": 0.022112878039479256,
    "max_speed_err_over_speed_max": 0.06896352767944336,
    "max_p_err_over_p_range": 0.1459893137216568,
    "p95_speed_err_over_speed_max": 0.01770896650850773,
    "p95_p_err_over_p_range": 0.126407191157341
  }
}
	Command being timed: "nice -n 10 python3 model/scripts/train_velocity_pressure_independent.py --run-name contraction_independent_geometry_notemplate_stagepde_mainline_v4 --family contraction_2d --train-cases C-base,C-train-1,C-train-2,C-train-3,C-train-4,C-train-5 --val-cases C-val --feature-mode geometry --drop-features inlet_profile_star --train-velocity-source dense --val-velocity-source dense --train-pressure-source dense --val-pressure-source dense --velocity-hidden-layers 128,128,128 --pressure-hidden-layers 128,128,128 --activation silu --velocity-epochs 200 --pressure-epochs 200 --coupling-epochs 80 --velocity-lr 6e-4 --pressure-lr 6e-4 --coupling-velocity-lr 1e-4 --coupling-pressure-lr 1e-4 --wall-weight 0.0 --inlet-flux-weight 0.5 --continuity-weight 0.1 --velocity-stage-continuity-weight 0.3 --velocity-stage-momentum-weight 0.0 --outlet-pressure-weight 1e-4 --pressure-drop-weight 1.0 --pressure-stage-momentum-weight 0.5 --velocity-wall-mode hard --hard-wall-sharpness 12 --coupling-momentum-weight 10.0 --coupling-continuity-weight 0.1 --coupling-velocity-supervision-weight 1.0 --coupling-pressure-supervision-weight 1.0 --max-physics-points 512 --print-every 20 --max-retries 1"
	User time (seconds): 83.47
	System time (seconds): 1.80
	Percent of CPU this job got: 86%
	Elapsed (wall clock) time (h:mm:ss or m:ss): 1:38.80
	Average shared text size (kbytes): 0
	Average unshared data size (kbytes): 0
	Average stack size (kbytes): 0
	Average total size (kbytes): 0
	Maximum resident set size (kbytes): 676152
	Average resident set size (kbytes): 0
	Major (requiring I/O) page faults: 6719
	Minor (reclaiming a frame) page faults: 571058
	Voluntary context switches: 8253
	Involuntary context switches: 21872
	Swaps: 0
	File system inputs: 922384
	File system outputs: 1360
	Socket messages sent: 0
	Socket messages received: 0
	Signals delivered: 0
	Page size (bytes): 4096
	Exit status: 0
