[train] bend_strict_blunted_sparse1_stagepde_20260503
[第一阶段_速度模型 第1轮] 总损失=2.0235e+00 验证速度相对二范数=3.7728e-01 验证压力相对二范数=5.0364e-01 验证最大速度误差=4.6191e-01 验证最大压力误差=5.5066e-01
[第一阶段_速度模型 第40轮] 总损失=6.5461e-02 验证速度相对二范数=8.4540e-02 验证压力相对二范数=5.0364e-01 验证最大速度误差=1.7968e-01 验证最大压力误差=5.5066e-01
[第一阶段_速度模型 第80轮] 总损失=2.1547e-02 验证速度相对二范数=5.9831e-02 验证压力相对二范数=5.0364e-01 验证最大速度误差=2.0665e-01 验证最大压力误差=5.5066e-01
[第一阶段_速度模型 第120轮] 总损失=1.3194e-02 验证速度相对二范数=4.9232e-02 验证压力相对二范数=5.0364e-01 验证最大速度误差=1.9554e-01 验证最大压力误差=5.5066e-01
[第一阶段_速度模型 第160轮] 总损失=9.2425e-03 验证速度相对二范数=4.2354e-02 验证压力相对二范数=5.0364e-01 验证最大速度误差=1.7493e-01 验证最大压力误差=5.5066e-01
[第一阶段_速度模型 第200轮] 总损失=6.9570e-03 验证速度相对二范数=3.7512e-02 验证压力相对二范数=5.0364e-01 验证最大速度误差=1.6145e-01 验证最大压力误差=5.5066e-01
[第二阶段_压力模型 第1轮] 总损失=9.4456e-01 验证速度相对二范数=3.7512e-02 验证压力相对二范数=4.7069e-01 验证最大速度误差=1.6145e-01 验证最大压力误差=5.2291e-01
[第二阶段_压力模型 第40轮] 总损失=1.7593e-02 验证速度相对二范数=3.7512e-02 验证压力相对二范数=8.2856e-02 验证最大速度误差=1.6145e-01 验证最大压力误差=1.2733e-01
[第二阶段_压力模型 第80轮] 总损失=7.0761e-03 验证速度相对二范数=3.7512e-02 验证压力相对二范数=4.9655e-02 验证最大速度误差=1.6145e-01 验证最大压力误差=9.9165e-02
[第二阶段_压力模型 第120轮] 总损失=4.6054e-03 验证速度相对二范数=3.7512e-02 验证压力相对二范数=3.4188e-02 验证最大速度误差=1.6145e-01 验证最大压力误差=7.0940e-02
[第二阶段_压力模型 第160轮] 总损失=2.8700e-03 验证速度相对二范数=3.7512e-02 验证压力相对二范数=2.7866e-02 验证最大速度误差=1.6145e-01 验证最大压力误差=5.4546e-02
[第二阶段_压力模型 第200轮] 总损失=1.6761e-03 验证速度相对二范数=3.7512e-02 验证压力相对二范数=2.4066e-02 验证最大速度误差=1.6145e-01 验证最大压力误差=4.0087e-02
[第三阶段_交替耦合 第1轮] 总损失=6.1498e-02 验证速度相对二范数=3.7153e-02 验证压力相对二范数=1.9928e-02 验证最大速度误差=1.6100e-01 验证最大压力误差=4.4356e-02
[第三阶段_交替耦合 第40轮] 总损失=1.4886e-02 验证速度相对二范数=3.0369e-02 验证压力相对二范数=5.0021e-02 验证最大速度误差=1.4852e-01 验证最大压力误差=7.3801e-02
[第三阶段_交替耦合 第80轮] 总损失=6.8805e-03 验证速度相对二范数=2.4809e-02 验证压力相对二范数=3.9155e-02 验证最大速度误差=1.3950e-01 验证最大压力误差=5.5368e-02
[完成] 输出目录=/root/dev/pinn-platform-v4/model/results/pinn/bend_strict_blunted_sparse1_stagepde_20260503
{
  "最终验证指标": {
    "rel_l2_u": 0.041359301656484604,
    "rel_l2_v": 0.02456609345972538,
    "rel_l2_p": 0.039155151695013046,
    "rel_l2_speed": 0.024808580055832863,
    "max_speed_err_over_speed_max": 0.13950158655643463,
    "max_p_err_over_p_range": 0.055368293076753616,
    "p95_speed_err_over_speed_max": 0.03134112432599068,
    "p95_p_err_over_p_range": 0.040979065001010895
  }
}
[eval-val] bend_strict_blunted_sparse1_stagepde_20260503
[done] metrics=/root/dev/pinn-platform-v4/model/results/pinn/bend_strict_blunted_sparse1_stagepde_20260503/evaluations/metrics_val_dense.json
predictions_dir=/root/dev/pinn-platform-v4/model/results/pinn/bend_strict_blunted_sparse1_stagepde_20260503/evaluations/predictions_val_dense
{
  "num_cases": 1,
  "mean_rel_l2_u": 0.041359301656484604,
  "max_rel_l2_u": 0.041359301656484604,
  "mean_rel_l2_v": 0.02456609345972538,
  "max_rel_l2_v": 0.02456609345972538,
  "mean_rel_l2_p": 0.039155151695013046,
  "max_rel_l2_p": 0.039155151695013046,
  "mean_rel_l2_speed": 0.024808580055832863,
  "max_rel_l2_speed": 0.024808580055832863,
  "mean_mae_u": 0.019715264439582825,
  "max_mae_u": 0.019715264439582825,
  "mean_mae_v": 0.01427690964192152,
  "max_mae_v": 0.01427690964192152,
  "mean_mae_p": 3.623094320297241,
  "max_mae_p": 3.623094320297241,
  "mean_pressure_drop_rel_error": 0.0038917051041380945,
  "max_pressure_drop_rel_error": 0.0038917051041380945,
  "mean_wall_max_abs_u_pred": 5.358211274142377e-05,
  "max_wall_max_abs_u_pred": 5.358211274142377e-05,
  "mean_wall_max_abs_v_pred": 6.13246884313412e-05,
  "max_wall_max_abs_v_pred": 6.13246884313412e-05
}
{
  "rel_l2_u": 0.041359301656484604,
  "rel_l2_v": 0.02456609345972538,
  "rel_l2_p": 0.039155151695013046,
  "rel_l2_speed": 0.024808580055832863,
  "max_speed_err_over_speed_max": 0.13950158655643463,
  "max_p_err_over_p_range": 0.055368293076753616,
  "p95_speed_err_over_speed_max": 0.03134112432599068,
  "p95_p_err_over_p_range": 0.040979065001010895
}
[eval-test] bend_strict_blunted_sparse1_stagepde_20260503
[done] metrics=/root/dev/pinn-platform-v4/model/results/pinn/bend_strict_blunted_sparse1_stagepde_20260503/evaluations/metrics_test_dense.json
predictions_dir=/root/dev/pinn-platform-v4/model/results/pinn/bend_strict_blunted_sparse1_stagepde_20260503/evaluations/predictions_test_dense
{
  "num_cases": 1,
  "mean_rel_l2_u": 0.04985553026199341,
  "max_rel_l2_u": 0.04985553026199341,
  "mean_rel_l2_v": 0.030279306694865227,
  "max_rel_l2_v": 0.030279306694865227,
  "mean_rel_l2_p": 0.0621815100312233,
  "max_rel_l2_p": 0.0621815100312233,
  "mean_rel_l2_speed": 0.02823445573449135,
  "max_rel_l2_speed": 0.02823445573449135,
  "mean_mae_u": 0.025364965200424194,
  "max_mae_u": 0.025364965200424194,
  "mean_mae_v": 0.018202634528279305,
  "max_mae_v": 0.018202634528279305,
  "mean_mae_p": 5.7454023361206055,
  "max_mae_p": 5.7454023361206055,
  "mean_pressure_drop_rel_error": 0.02856932173705936,
  "max_pressure_drop_rel_error": 0.02856932173705936,
  "mean_wall_max_abs_u_pred": 6.170335836941376e-05,
  "max_wall_max_abs_u_pred": 6.170335836941376e-05,
  "mean_wall_max_abs_v_pred": 6.201527139637619e-05,
  "max_wall_max_abs_v_pred": 6.201527139637619e-05
}
{
  "rel_l2_u": 0.04985553026199341,
  "rel_l2_v": 0.030279306694865227,
  "rel_l2_p": 0.0621815100312233,
  "rel_l2_speed": 0.02823445573449135,
  "max_speed_err_over_speed_max": 0.143966406583786,
  "max_p_err_over_p_range": 0.07670921832323074,
  "p95_speed_err_over_speed_max": 0.0396614670753479,
  "p95_p_err_over_p_range": 0.06008867174386978
}
