[train] bend_strict_blunted_sparse10_stagepde_20260503
[第一阶段_速度模型 第1轮] 总损失=2.0044e+00 验证速度相对二范数=3.8729e-01 验证压力相对二范数=5.0163e-01 验证最大速度误差=4.7320e-01 验证最大压力误差=5.4835e-01
[第一阶段_速度模型 第40轮] 总损失=6.1126e-02 验证速度相对二范数=8.7939e-02 验证压力相对二范数=5.0163e-01 验证最大速度误差=1.5917e-01 验证最大压力误差=5.4835e-01
[第一阶段_速度模型 第80轮] 总损失=2.2216e-02 验证速度相对二范数=6.1806e-02 验证压力相对二范数=5.0163e-01 验证最大速度误差=1.8815e-01 验证最大压力误差=5.4835e-01
[第一阶段_速度模型 第120轮] 总损失=1.4253e-02 验证速度相对二范数=4.8933e-02 验证压力相对二范数=5.0163e-01 验证最大速度误差=1.7819e-01 验证最大压力误差=5.4835e-01
[第一阶段_速度模型 第160轮] 总损失=1.0089e-02 验证速度相对二范数=4.1343e-02 验证压力相对二范数=5.0163e-01 验证最大速度误差=1.7772e-01 验证最大压力误差=5.4835e-01
[第一阶段_速度模型 第200轮] 总损失=7.4204e-03 验证速度相对二范数=3.5596e-02 验证压力相对二范数=5.0163e-01 验证最大速度误差=1.7487e-01 验证最大压力误差=5.4835e-01
[第二阶段_压力模型 第1轮] 总损失=9.3078e-01 验证速度相对二范数=3.5596e-02 验证压力相对二范数=4.6674e-01 验证最大速度误差=1.7487e-01 验证最大压力误差=5.1630e-01
[第二阶段_压力模型 第40轮] 总损失=1.5705e-02 验证速度相对二范数=3.5596e-02 验证压力相对二范数=8.1691e-02 验证最大速度误差=1.7487e-01 验证最大压力误差=1.4689e-01
[第二阶段_压力模型 第80轮] 总损失=6.1182e-03 验证速度相对二范数=3.5596e-02 验证压力相对二范数=4.4839e-02 验证最大速度误差=1.7487e-01 验证最大压力误差=9.8300e-02
[第二阶段_压力模型 第120轮] 总损失=3.9152e-03 验证速度相对二范数=3.5596e-02 验证压力相对二范数=3.0676e-02 验证最大速度误差=1.7487e-01 验证最大压力误差=8.0652e-02
[第二阶段_压力模型 第160轮] 总损失=2.4271e-03 验证速度相对二范数=3.5596e-02 验证压力相对二范数=2.3063e-02 验证最大速度误差=1.7487e-01 验证最大压力误差=5.9343e-02
[第二阶段_压力模型 第200轮] 总损失=1.4580e-03 验证速度相对二范数=3.5596e-02 验证压力相对二范数=1.9562e-02 验证最大速度误差=1.7487e-01 验证最大压力误差=4.3466e-02
[第三阶段_交替耦合 第1轮] 总损失=5.5218e-02 验证速度相对二范数=3.5237e-02 验证压力相对二范数=1.5722e-02 验证最大速度误差=1.7374e-01 验证最大压力误差=4.7712e-02
[第三阶段_交替耦合 第40轮] 总损失=1.3023e-02 验证速度相对二范数=2.8527e-02 验证压力相对二范数=4.4028e-02 验证最大速度误差=1.6793e-01 验证最大压力误差=5.9636e-02
[第三阶段_交替耦合 第80轮] 总损失=6.1415e-03 验证速度相对二范数=2.3719e-02 验证压力相对二范数=3.0696e-02 验证最大速度误差=1.5212e-01 验证最大压力误差=4.2178e-02
[完成] 输出目录=/root/dev/pinn-platform-v4/model/results/pinn/bend_strict_blunted_sparse10_stagepde_20260503
{
  "最终验证指标": {
    "rel_l2_u": 0.04013800621032715,
    "rel_l2_v": 0.019590817391872406,
    "rel_l2_p": 0.030695796012878418,
    "rel_l2_speed": 0.02371908910572529,
    "max_speed_err_over_speed_max": 0.15212424099445343,
    "max_p_err_over_p_range": 0.04217785969376564,
    "p95_speed_err_over_speed_max": 0.02843502163887024,
    "p95_p_err_over_p_range": 0.030544335022568703
  }
}
[eval-val] bend_strict_blunted_sparse10_stagepde_20260503
[done] metrics=/root/dev/pinn-platform-v4/model/results/pinn/bend_strict_blunted_sparse10_stagepde_20260503/evaluations/metrics_val_dense.json
predictions_dir=/root/dev/pinn-platform-v4/model/results/pinn/bend_strict_blunted_sparse10_stagepde_20260503/evaluations/predictions_val_dense
{
  "num_cases": 1,
  "mean_rel_l2_u": 0.04013800621032715,
  "max_rel_l2_u": 0.04013800621032715,
  "mean_rel_l2_v": 0.019590817391872406,
  "max_rel_l2_v": 0.019590817391872406,
  "mean_rel_l2_p": 0.030695796012878418,
  "max_rel_l2_p": 0.030695796012878418,
  "mean_rel_l2_speed": 0.02371908910572529,
  "max_rel_l2_speed": 0.02371908910572529,
  "mean_mae_u": 0.018361758440732956,
  "max_mae_u": 0.018361758440732956,
  "mean_mae_v": 0.010942245833575726,
  "max_mae_v": 0.010942245833575726,
  "mean_mae_p": 2.9444587230682373,
  "max_mae_p": 2.9444587230682373,
  "mean_pressure_drop_rel_error": 0.006883030334106719,
  "max_pressure_drop_rel_error": 0.006883030334106719,
  "mean_wall_max_abs_u_pred": 5.342393342289142e-05,
  "max_wall_max_abs_u_pred": 5.342393342289142e-05,
  "mean_wall_max_abs_v_pred": 5.858488293597475e-05,
  "max_wall_max_abs_v_pred": 5.858488293597475e-05
}
{
  "rel_l2_u": 0.04013800621032715,
  "rel_l2_v": 0.019590817391872406,
  "rel_l2_p": 0.030695796012878418,
  "rel_l2_speed": 0.02371908910572529,
  "max_speed_err_over_speed_max": 0.15212424099445343,
  "max_p_err_over_p_range": 0.04217785969376564,
  "p95_speed_err_over_speed_max": 0.02843502163887024,
  "p95_p_err_over_p_range": 0.030544335022568703
}
[eval-test] bend_strict_blunted_sparse10_stagepde_20260503
[done] metrics=/root/dev/pinn-platform-v4/model/results/pinn/bend_strict_blunted_sparse10_stagepde_20260503/evaluations/metrics_test_dense.json
predictions_dir=/root/dev/pinn-platform-v4/model/results/pinn/bend_strict_blunted_sparse10_stagepde_20260503/evaluations/predictions_test_dense
{
  "num_cases": 1,
  "mean_rel_l2_u": 0.052070148289203644,
  "max_rel_l2_u": 0.052070148289203644,
  "mean_rel_l2_v": 0.023930566385388374,
  "max_rel_l2_v": 0.023930566385388374,
  "mean_rel_l2_p": 0.05383775383234024,
  "max_rel_l2_p": 0.05383775383234024,
  "mean_rel_l2_speed": 0.028127552941441536,
  "max_rel_l2_speed": 0.028127552941441536,
  "mean_mae_u": 0.02686113491654396,
  "max_mae_u": 0.02686113491654396,
  "mean_mae_v": 0.013711915351450443,
  "max_mae_v": 0.013711915351450443,
  "mean_mae_p": 5.113602638244629,
  "max_mae_p": 5.113602638244629,
  "mean_pressure_drop_rel_error": 0.030786202762106123,
  "max_pressure_drop_rel_error": 0.030786202762106123,
  "mean_wall_max_abs_u_pred": 6.126469088485464e-05,
  "max_wall_max_abs_u_pred": 6.126469088485464e-05,
  "mean_wall_max_abs_v_pred": 5.79877887503244e-05,
  "max_wall_max_abs_v_pred": 5.79877887503244e-05
}
{
  "rel_l2_u": 0.052070148289203644,
  "rel_l2_v": 0.023930566385388374,
  "rel_l2_p": 0.05383775383234024,
  "rel_l2_speed": 0.028127552941441536,
  "max_speed_err_over_speed_max": 0.16015692055225372,
  "max_p_err_over_p_range": 0.06237121671438217,
  "p95_speed_err_over_speed_max": 0.03749119117856026,
  "p95_p_err_over_p_range": 0.05040362849831581
}
