[train] bend_strict_blunted_sparse5_stagepde_20260503
[第一阶段_速度模型 第1轮] 总损失=2.0049e+00 验证速度相对二范数=3.8829e-01 验证压力相对二范数=5.0644e-01 验证最大速度误差=4.7423e-01 验证最大压力误差=5.5841e-01
[第一阶段_速度模型 第40轮] 总损失=6.1318e-02 验证速度相对二范数=8.7258e-02 验证压力相对二范数=5.0644e-01 验证最大速度误差=1.6284e-01 验证最大压力误差=5.5841e-01
[第一阶段_速度模型 第80轮] 总损失=2.2370e-02 验证速度相对二范数=6.1819e-02 验证压力相对二范数=5.0644e-01 验证最大速度误差=2.0361e-01 验证最大压力误差=5.5841e-01
[第一阶段_速度模型 第120轮] 总损失=1.4142e-02 验证速度相对二范数=4.8605e-02 验证压力相对二范数=5.0644e-01 验证最大速度误差=1.8434e-01 验证最大压力误差=5.5841e-01
[第一阶段_速度模型 第160轮] 总损失=9.9979e-03 验证速度相对二范数=4.0585e-02 验证压力相对二范数=5.0644e-01 验证最大速度误差=1.6927e-01 验证最大压力误差=5.5841e-01
[第一阶段_速度模型 第200轮] 总损失=7.4291e-03 验证速度相对二范数=3.4613e-02 验证压力相对二范数=5.0644e-01 验证最大速度误差=1.6101e-01 验证最大压力误差=5.5841e-01
[第二阶段_压力模型 第1轮] 总损失=9.3458e-01 验证速度相对二范数=3.4613e-02 验证压力相对二范数=4.7142e-01 验证最大速度误差=1.6101e-01 验证最大压力误差=5.2573e-01
[第二阶段_压力模型 第40轮] 总损失=1.5488e-02 验证速度相对二范数=3.4613e-02 验证压力相对二范数=8.0167e-02 验证最大速度误差=1.6101e-01 验证最大压力误差=1.4093e-01
[第二阶段_压力模型 第80轮] 总损失=6.3406e-03 验证速度相对二范数=3.4613e-02 验证压力相对二范数=4.7884e-02 验证最大速度误差=1.6101e-01 验证最大压力误差=9.2869e-02
[第二阶段_压力模型 第120轮] 总损失=4.0730e-03 验证速度相对二范数=3.4613e-02 验证压力相对二范数=3.2605e-02 验证最大速度误差=1.6101e-01 验证最大压力误差=7.3887e-02
[第二阶段_压力模型 第160轮] 总损失=2.5269e-03 验证速度相对二范数=3.4613e-02 验证压力相对二范数=2.4757e-02 验证最大速度误差=1.6101e-01 验证最大压力误差=5.3443e-02
[第二阶段_压力模型 第200轮] 总损失=1.5101e-03 验证速度相对二范数=3.4613e-02 验证压力相对二范数=2.1021e-02 验证最大速度误差=1.6101e-01 验证最大压力误差=3.9511e-02
[第三阶段_交替耦合 第1轮] 总损失=5.5951e-02 验证速度相对二范数=3.4240e-02 验证压力相对二范数=1.6976e-02 验证最大速度误差=1.5994e-01 验证最大压力误差=4.1920e-02
[第三阶段_交替耦合 第40轮] 总损失=1.3363e-02 验证速度相对二范数=2.7341e-02 验证压力相对二范数=4.5691e-02 验证最大速度误差=1.5182e-01 验证最大压力误差=6.5905e-02
[第三阶段_交替耦合 第80轮] 总损失=6.2977e-03 验证速度相对二范数=2.2786e-02 验证压力相对二范数=3.2963e-02 验证最大速度误差=1.3577e-01 验证最大压力误差=4.5469e-02
[完成] 输出目录=/root/dev/pinn-platform-v4/model/results/pinn/bend_strict_blunted_sparse5_stagepde_20260503
{
  "最终验证指标": {
    "rel_l2_u": 0.038817476481199265,
    "rel_l2_v": 0.020122317597270012,
    "rel_l2_p": 0.032962530851364136,
    "rel_l2_speed": 0.022785799577832222,
    "max_speed_err_over_speed_max": 0.13576947152614594,
    "max_p_err_over_p_range": 0.045468684285879135,
    "p95_speed_err_over_speed_max": 0.0267731174826622,
    "p95_p_err_over_p_range": 0.032344695180654526
  }
}
[eval-val] bend_strict_blunted_sparse5_stagepde_20260503
[done] metrics=/root/dev/pinn-platform-v4/model/results/pinn/bend_strict_blunted_sparse5_stagepde_20260503/evaluations/metrics_val_dense.json
predictions_dir=/root/dev/pinn-platform-v4/model/results/pinn/bend_strict_blunted_sparse5_stagepde_20260503/evaluations/predictions_val_dense
{
  "num_cases": 1,
  "mean_rel_l2_u": 0.038817476481199265,
  "max_rel_l2_u": 0.038817476481199265,
  "mean_rel_l2_v": 0.020122317597270012,
  "max_rel_l2_v": 0.020122317597270012,
  "mean_rel_l2_p": 0.032962530851364136,
  "max_rel_l2_p": 0.032962530851364136,
  "mean_rel_l2_speed": 0.022785799577832222,
  "max_rel_l2_speed": 0.022785799577832222,
  "mean_mae_u": 0.018486181274056435,
  "max_mae_u": 0.018486181274056435,
  "mean_mae_v": 0.01165970042347908,
  "max_mae_v": 0.01165970042347908,
  "mean_mae_p": 3.1439881324768066,
  "max_mae_p": 3.1439881324768066,
  "mean_pressure_drop_rel_error": 0.008442036460996727,
  "max_pressure_drop_rel_error": 0.008442036460996727,
  "mean_wall_max_abs_u_pred": 5.530312409973703e-05,
  "max_wall_max_abs_u_pred": 5.530312409973703e-05,
  "mean_wall_max_abs_v_pred": 5.960917042102665e-05,
  "max_wall_max_abs_v_pred": 5.960917042102665e-05
}
{
  "rel_l2_u": 0.038817476481199265,
  "rel_l2_v": 0.020122317597270012,
  "rel_l2_p": 0.032962530851364136,
  "rel_l2_speed": 0.022785799577832222,
  "max_speed_err_over_speed_max": 0.13576947152614594,
  "max_p_err_over_p_range": 0.045468684285879135,
  "p95_speed_err_over_speed_max": 0.0267731174826622,
  "p95_p_err_over_p_range": 0.032344695180654526
}
[eval-test] bend_strict_blunted_sparse5_stagepde_20260503
[done] metrics=/root/dev/pinn-platform-v4/model/results/pinn/bend_strict_blunted_sparse5_stagepde_20260503/evaluations/metrics_test_dense.json
predictions_dir=/root/dev/pinn-platform-v4/model/results/pinn/bend_strict_blunted_sparse5_stagepde_20260503/evaluations/predictions_test_dense
{
  "num_cases": 1,
  "mean_rel_l2_u": 0.05128102749586105,
  "max_rel_l2_u": 0.05128102749586105,
  "mean_rel_l2_v": 0.024443326517939568,
  "max_rel_l2_v": 0.024443326517939568,
  "mean_rel_l2_p": 0.05628395825624466,
  "max_rel_l2_p": 0.05628395825624466,
  "mean_rel_l2_speed": 0.02737458422780037,
  "max_rel_l2_speed": 0.02737458422780037,
  "mean_mae_u": 0.027320146560668945,
  "max_mae_u": 0.027320146560668945,
  "mean_mae_v": 0.014440281316637993,
  "max_mae_v": 0.014440281316637993,
  "mean_mae_p": 5.343496799468994,
  "max_mae_p": 5.343496799468994,
  "mean_pressure_drop_rel_error": 0.03311420585744175,
  "max_pressure_drop_rel_error": 0.03311420585744175,
  "mean_wall_max_abs_u_pred": 6.371848576236516e-05,
  "max_wall_max_abs_u_pred": 6.371848576236516e-05,
  "mean_wall_max_abs_v_pred": 5.9162364777876064e-05,
  "max_wall_max_abs_v_pred": 5.9162364777876064e-05
}
{
  "rel_l2_u": 0.05128102749586105,
  "rel_l2_v": 0.024443326517939568,
  "rel_l2_p": 0.05628395825624466,
  "rel_l2_speed": 0.02737458422780037,
  "max_speed_err_over_speed_max": 0.14360485970973969,
  "max_p_err_over_p_range": 0.06467768549919128,
  "p95_speed_err_over_speed_max": 0.03680441528558731,
  "p95_p_err_over_p_range": 0.05143970251083374
}
