[train] bend_strict_blunted_sparse15_stagepde_20260503
[第一阶段_速度模型 第1轮] 总损失=2.0136e+00 验证速度相对二范数=3.8420e-01 验证压力相对二范数=4.9653e-01 验证最大速度误差=4.7225e-01 验证最大压力误差=5.3600e-01
[第一阶段_速度模型 第40轮] 总损失=6.1330e-02 验证速度相对二范数=8.6559e-02 验证压力相对二范数=4.9653e-01 验证最大速度误差=1.6199e-01 验证最大压力误差=5.3600e-01
[第一阶段_速度模型 第80轮] 总损失=2.2656e-02 验证速度相对二范数=6.2145e-02 验证压力相对二范数=4.9653e-01 验证最大速度误差=2.0302e-01 验证最大压力误差=5.3600e-01
[第一阶段_速度模型 第120轮] 总损失=1.4493e-02 验证速度相对二范数=4.8940e-02 验证压力相对二范数=4.9653e-01 验证最大速度误差=1.8129e-01 验证最大压力误差=5.3600e-01
[第一阶段_速度模型 第160轮] 总损失=1.0232e-02 验证速度相对二范数=4.0979e-02 验证压力相对二范数=4.9653e-01 验证最大速度误差=1.7558e-01 验证最大压力误差=5.3600e-01
[第一阶段_速度模型 第200轮] 总损失=7.5495e-03 验证速度相对二范数=3.5060e-02 验证压力相对二范数=4.9653e-01 验证最大速度误差=1.7040e-01 验证最大压力误差=5.3600e-01
[第二阶段_压力模型 第1轮] 总损失=9.3423e-01 验证速度相对二范数=3.5060e-02 验证压力相对二范数=4.6235e-01 验证最大速度误差=1.7040e-01 验证最大压力误差=5.0599e-01
[第二阶段_压力模型 第40轮] 总损失=1.5793e-02 验证速度相对二范数=3.5060e-02 验证压力相对二范数=7.9168e-02 验证最大速度误差=1.7040e-01 验证最大压力误差=1.3653e-01
[第二阶段_压力模型 第80轮] 总损失=6.2999e-03 验证速度相对二范数=3.5060e-02 验证压力相对二范数=4.3205e-02 验证最大速度误差=1.7040e-01 验证最大压力误差=1.0091e-01
[第二阶段_压力模型 第120轮] 总损失=4.0629e-03 验证速度相对二范数=3.5060e-02 验证压力相对二范数=3.0702e-02 验证最大速度误差=1.7040e-01 验证最大压力误差=8.2447e-02
[第二阶段_压力模型 第160轮] 总损失=2.5079e-03 验证速度相对二范数=3.5060e-02 验证压力相对二范数=2.3668e-02 验证最大速度误差=1.7040e-01 验证最大压力误差=6.0049e-02
[第二阶段_压力模型 第200轮] 总损失=1.4753e-03 验证速度相对二范数=3.5060e-02 验证压力相对二范数=2.0096e-02 验证最大速度误差=1.7040e-01 验证最大压力误差=4.3349e-02
[第三阶段_交替耦合 第1轮] 总损失=5.4914e-02 验证速度相对二范数=3.4669e-02 验证压力相对二范数=1.6262e-02 验证最大速度误差=1.6926e-01 验证最大压力误差=4.7746e-02
[第三阶段_交替耦合 第40轮] 总损失=1.3250e-02 验证速度相对二范数=2.7848e-02 验证压力相对二范数=4.4055e-02 验证最大速度误差=1.5941e-01 验证最大压力误差=6.3678e-02
[第三阶段_交替耦合 第80轮] 总损失=6.2445e-03 验证速度相对二范数=2.2773e-02 验证压力相对二范数=3.0403e-02 验证最大速度误差=1.3961e-01 验证最大压力误差=4.1975e-02
[完成] 输出目录=/root/dev/pinn-platform-v4/model/results/pinn/bend_strict_blunted_sparse15_stagepde_20260503
{
  "最终验证指标": {
    "rel_l2_u": 0.03784579411149025,
    "rel_l2_v": 0.01978144980967045,
    "rel_l2_p": 0.030403105542063713,
    "rel_l2_speed": 0.02277345210313797,
    "max_speed_err_over_speed_max": 0.13961073756217957,
    "max_p_err_over_p_range": 0.04197545349597931,
    "p95_speed_err_over_speed_max": 0.02522769756615162,
    "p95_p_err_over_p_range": 0.0313384048640728
  }
}
[eval-val] bend_strict_blunted_sparse15_stagepde_20260503
[done] metrics=/root/dev/pinn-platform-v4/model/results/pinn/bend_strict_blunted_sparse15_stagepde_20260503/evaluations/metrics_val_dense.json
predictions_dir=/root/dev/pinn-platform-v4/model/results/pinn/bend_strict_blunted_sparse15_stagepde_20260503/evaluations/predictions_val_dense
{
  "num_cases": 1,
  "mean_rel_l2_u": 0.03784579411149025,
  "max_rel_l2_u": 0.03784579411149025,
  "mean_rel_l2_v": 0.01978144980967045,
  "max_rel_l2_v": 0.01978144980967045,
  "mean_rel_l2_p": 0.030403105542063713,
  "max_rel_l2_p": 0.030403105542063713,
  "mean_rel_l2_speed": 0.02277345210313797,
  "max_rel_l2_speed": 0.02277345210313797,
  "mean_mae_u": 0.01731826737523079,
  "max_mae_u": 0.01731826737523079,
  "mean_mae_v": 0.011255234479904175,
  "max_mae_v": 0.011255234479904175,
  "mean_mae_p": 2.903278350830078,
  "max_mae_p": 2.903278350830078,
  "mean_pressure_drop_rel_error": 0.005504831537544065,
  "max_pressure_drop_rel_error": 0.005504831537544065,
  "mean_wall_max_abs_u_pred": 5.327001417754218e-05,
  "max_wall_max_abs_u_pred": 5.327001417754218e-05,
  "mean_wall_max_abs_v_pred": 5.8371770137455314e-05,
  "max_wall_max_abs_v_pred": 5.8371770137455314e-05
}
{
  "rel_l2_u": 0.03784579411149025,
  "rel_l2_v": 0.01978144980967045,
  "rel_l2_p": 0.030403105542063713,
  "rel_l2_speed": 0.02277345210313797,
  "max_speed_err_over_speed_max": 0.13961073756217957,
  "max_p_err_over_p_range": 0.04197545349597931,
  "p95_speed_err_over_speed_max": 0.02522769756615162,
  "p95_p_err_over_p_range": 0.0313384048640728
}
[eval-test] bend_strict_blunted_sparse15_stagepde_20260503
[done] metrics=/root/dev/pinn-platform-v4/model/results/pinn/bend_strict_blunted_sparse15_stagepde_20260503/evaluations/metrics_test_dense.json
predictions_dir=/root/dev/pinn-platform-v4/model/results/pinn/bend_strict_blunted_sparse15_stagepde_20260503/evaluations/predictions_test_dense
{
  "num_cases": 1,
  "mean_rel_l2_u": 0.047390714287757874,
  "max_rel_l2_u": 0.047390714287757874,
  "mean_rel_l2_v": 0.023984311148524284,
  "max_rel_l2_v": 0.023984311148524284,
  "mean_rel_l2_p": 0.053200580179691315,
  "max_rel_l2_p": 0.053200580179691315,
  "mean_rel_l2_speed": 0.02634408511221409,
  "max_rel_l2_speed": 0.02634408511221409,
  "mean_mae_u": 0.024327391758561134,
  "max_mae_u": 0.024327391758561134,
  "mean_mae_v": 0.013997077941894531,
  "max_mae_v": 0.013997077941894531,
  "mean_mae_p": 5.030065536499023,
  "max_mae_p": 5.030065536499023,
  "mean_pressure_drop_rel_error": 0.02910286165421995,
  "max_pressure_drop_rel_error": 0.02910286165421995,
  "mean_wall_max_abs_u_pred": 6.125961954239756e-05,
  "max_wall_max_abs_u_pred": 6.125961954239756e-05,
  "mean_wall_max_abs_v_pred": 5.7823875977192074e-05,
  "max_wall_max_abs_v_pred": 5.7823875977192074e-05
}
{
  "rel_l2_u": 0.047390714287757874,
  "rel_l2_v": 0.023984311148524284,
  "rel_l2_p": 0.053200580179691315,
  "rel_l2_speed": 0.02634408511221409,
  "max_speed_err_over_speed_max": 0.14585736393928528,
  "max_p_err_over_p_range": 0.06783267855644226,
  "p95_speed_err_over_speed_max": 0.0337279848754406,
  "p95_p_err_over_p_range": 0.051593028008937836
}
