[skip-train] contraction_strict_geometry_uniform5_stagepde_20260503
[eval-val] contraction_strict_geometry_uniform5_stagepde_20260503
[done] metrics=/root/dev/pinn-platform-v4/model/results/pinn/contraction_strict_geometry_uniform5_stagepde_20260503/evaluations/metrics_val_dense.json
predictions_dir=/root/dev/pinn-platform-v4/model/results/pinn/contraction_strict_geometry_uniform5_stagepde_20260503/evaluations/predictions_val_dense
{
  "num_cases": 1,
  "mean_rel_l2_u": 0.025931958109140396,
  "max_rel_l2_u": 0.025931958109140396,
  "mean_rel_l2_v": 0.10641016066074371,
  "max_rel_l2_v": 0.10641016066074371,
  "mean_rel_l2_p": 0.10210397839546204,
  "max_rel_l2_p": 0.10210397839546204,
  "mean_rel_l2_speed": 0.025919124484062195,
  "max_rel_l2_speed": 0.025919124484062195,
  "mean_mae_u": 0.024459224194288254,
  "max_mae_u": 0.024459224194288254,
  "mean_mae_v": 0.0008994360105134547,
  "max_mae_v": 0.0008994360105134547,
  "mean_mae_p": 79.16421508789062,
  "max_mae_p": 79.16421508789062,
  "mean_pressure_drop_rel_error": 0.1300370114496072,
  "max_pressure_drop_rel_error": 0.1300370114496072,
  "mean_wall_max_abs_u_pred": 4.23169149144087e-05,
  "max_wall_max_abs_u_pred": 4.23169149144087e-05,
  "mean_wall_max_abs_v_pred": 1.3152814517525258e-06,
  "max_wall_max_abs_v_pred": 1.3152814517525258e-06
}
{
  "rel_l2_u": 0.025931958109140396,
  "rel_l2_v": 0.10641016066074371,
  "rel_l2_p": 0.10210397839546204,
  "rel_l2_speed": 0.025919124484062195,
  "max_speed_err_over_speed_max": 0.09172894805669785,
  "max_p_err_over_p_range": 0.15299828350543976,
  "p95_speed_err_over_speed_max": 0.027425603941082954,
  "p95_p_err_over_p_range": 0.11826898157596588
}
[eval-test] contraction_strict_geometry_uniform5_stagepde_20260503
[done] metrics=/root/dev/pinn-platform-v4/model/results/pinn/contraction_strict_geometry_uniform5_stagepde_20260503/evaluations/metrics_test_dense.json
predictions_dir=/root/dev/pinn-platform-v4/model/results/pinn/contraction_strict_geometry_uniform5_stagepde_20260503/evaluations/predictions_test_dense
{
  "num_cases": 2,
  "mean_rel_l2_u": 0.02814610581845045,
  "max_rel_l2_u": 0.03924289345741272,
  "mean_rel_l2_v": 0.11981721594929695,
  "max_rel_l2_v": 0.1733364760875702,
  "mean_rel_l2_p": 0.17081524059176445,
  "max_rel_l2_p": 0.30532559752464294,
  "mean_rel_l2_speed": 0.028134074993431568,
  "max_rel_l2_speed": 0.03922302648425102,
  "mean_mae_u": 0.027368690818548203,
  "max_mae_u": 0.0400242879986763,
  "mean_mae_v": 0.0010118624340975657,
  "max_mae_v": 0.001583192846737802,
  "mean_mae_p": 239.1139678955078,
  "max_mae_p": 463.2543029785156,
  "mean_pressure_drop_rel_error": 0.21537693767277674,
  "max_pressure_drop_rel_error": 0.39254511072164044,
  "mean_wall_max_abs_u_pred": 6.324980677163694e-05,
  "max_wall_max_abs_u_pred": 7.731275400146842e-05,
  "mean_wall_max_abs_v_pred": 1.3129855460647377e-06,
  "max_wall_max_abs_v_pred": 1.4681012316941633e-06
}
{
  "rel_l2_u": 0.031428489834070206,
  "rel_l2_v": 0.14621801674365997,
  "rel_l2_p": 0.289992094039917,
  "rel_l2_speed": 0.03141384944319725,
  "max_speed_err_over_speed_max": 0.12386731803417206,
  "max_p_err_over_p_range": 0.3403607904911041,
  "p95_speed_err_over_speed_max": 0.028962135314941406,
  "p95_p_err_over_p_range": 0.3191666305065155
}
