[skip-train] contraction_strict_geometry_sparse5noise3_stagepde_20260503
[eval-val] contraction_strict_geometry_sparse5noise3_stagepde_20260503
[done] metrics=/root/dev/pinn-platform-v4/model/results/pinn/contraction_strict_geometry_sparse5noise3_stagepde_20260503/evaluations/metrics_val_dense.json
predictions_dir=/root/dev/pinn-platform-v4/model/results/pinn/contraction_strict_geometry_sparse5noise3_stagepde_20260503/evaluations/predictions_val_dense
{
  "num_cases": 1,
  "mean_rel_l2_u": 0.032542359083890915,
  "max_rel_l2_u": 0.032542359083890915,
  "mean_rel_l2_v": 0.10085277259349823,
  "max_rel_l2_v": 0.10085277259349823,
  "mean_rel_l2_p": 0.07766788452863693,
  "max_rel_l2_p": 0.07766788452863693,
  "mean_rel_l2_speed": 0.0325407013297081,
  "max_rel_l2_speed": 0.0325407013297081,
  "mean_mae_u": 0.03248868137598038,
  "max_mae_u": 0.03248868137598038,
  "mean_mae_v": 0.0010211269836872816,
  "max_mae_v": 0.0010211269836872816,
  "mean_mae_p": 59.9510612487793,
  "max_mae_p": 59.9510612487793,
  "mean_pressure_drop_rel_error": 0.11482626128870896,
  "max_pressure_drop_rel_error": 0.11482626128870896,
  "mean_wall_max_abs_u_pred": 3.838479096884839e-05,
  "max_wall_max_abs_u_pred": 3.838479096884839e-05,
  "mean_wall_max_abs_v_pred": 1.1984228649453144e-06,
  "max_wall_max_abs_v_pred": 1.1984228649453144e-06
}
{
  "rel_l2_u": 0.032542359083890915,
  "rel_l2_v": 0.10085277259349823,
  "rel_l2_p": 0.07766788452863693,
  "rel_l2_speed": 0.0325407013297081,
  "max_speed_err_over_speed_max": 0.0778810977935791,
  "max_p_err_over_p_range": 0.10637934505939484,
  "p95_speed_err_over_speed_max": 0.03881153464317322,
  "p95_p_err_over_p_range": 0.09601256251335144
}
[eval-test] contraction_strict_geometry_sparse5noise3_stagepde_20260503
[done] metrics=/root/dev/pinn-platform-v4/model/results/pinn/contraction_strict_geometry_sparse5noise3_stagepde_20260503/evaluations/metrics_test_dense.json
predictions_dir=/root/dev/pinn-platform-v4/model/results/pinn/contraction_strict_geometry_sparse5noise3_stagepde_20260503/evaluations/predictions_test_dense
{
  "num_cases": 2,
  "mean_rel_l2_u": 0.03835654444992542,
  "max_rel_l2_u": 0.05886118859052658,
  "mean_rel_l2_v": 0.09693319723010063,
  "max_rel_l2_v": 0.1250120997428894,
  "mean_rel_l2_p": 0.15240700170397758,
  "max_rel_l2_p": 0.27495309710502625,
  "mean_rel_l2_speed": 0.03835456911474466,
  "max_rel_l2_speed": 0.05885868892073631,
  "mean_mae_u": 0.03795076999813318,
  "max_mae_u": 0.05865872651338577,
  "mean_mae_v": 0.001008085411740467,
  "max_mae_v": 0.0015154993161559105,
  "mean_mae_p": 214.19428539276123,
  "max_mae_p": 415.61529541015625,
  "mean_pressure_drop_rel_error": 0.2106972446052079,
  "max_pressure_drop_rel_error": 0.388059071493191,
  "mean_wall_max_abs_u_pred": 5.731671990361065e-05,
  "max_wall_max_abs_u_pred": 6.930143717909232e-05,
  "mean_wall_max_abs_v_pred": 1.2435390885912057e-06,
  "max_wall_max_abs_v_pred": 1.436021761946904e-06
}
{
  "rel_l2_u": 0.04554115980863571,
  "rel_l2_v": 0.10931535065174103,
  "rel_l2_p": 0.26111117005348206,
  "rel_l2_speed": 0.045539457350969315,
  "max_speed_err_over_speed_max": 0.11458517611026764,
  "max_p_err_over_p_range": 0.3093079924583435,
  "p95_speed_err_over_speed_max": 0.05570175498723984,
  "p95_p_err_over_p_range": 0.28485846519470215
}
