[train-single] contraction_single_mlp_geometry_sparse5_strict_20260503
[epoch 1] train=2.1003e+00 val=4.6264e+00 val_u=4.2732e-01 val_v=1.0032e+00 val_p=6.2701e-01 val_max_speed=5.1361e-01 val_max_p=6.4880e-01
[epoch 100] train=7.2681e-02 val=2.3620e-01 val_u=5.6435e-02 val_v=2.2532e-01 val_p=3.4548e-01 val_max_speed=9.3590e-02 val_max_p=4.3906e-01
[epoch 200] train=1.5583e-02 val=6.8749e-02 val_u=3.1540e-02 val_v=1.0660e-01 val_p=2.0940e-01 val_max_speed=5.2608e-02 val_max_p=3.3227e-01
[epoch 300] train=5.5847e-03 val=3.8671e-02 val_u=2.0409e-02 val_v=7.5898e-02 val_p=1.6977e-01 val_max_speed=2.7814e-02 val_max_p=2.5322e-01
[epoch 400] train=3.0537e-03 val=3.0342e-02 val_u=1.6300e-02 val_v=6.9169e-02 val_p=1.5098e-01 val_max_speed=2.2236e-02 val_max_p=2.2014e-01
[epoch 500] train=1.9338e-03 val=2.5036e-02 val_u=1.4155e-02 val_v=6.5062e-02 val_p=1.3512e-01 val_max_speed=1.7075e-02 val_max_p=1.9071e-01
[epoch 600] train=1.3279e-03 val=2.0486e-02 val_u=1.3102e-02 val_v=6.0546e-02 val_p=1.1922e-01 val_max_speed=1.7654e-02 val_max_p=1.6409e-01
[epoch 700] train=9.5972e-04 val=1.7118e-02 val_u=1.2560e-02 val_v=5.7386e-02 val_p=1.0471e-01 val_max_speed=1.8371e-02 val_max_p=1.4193e-01
[epoch 800] train=7.1907e-04 val=1.4920e-02 val_u=1.2274e-02 val_v=5.5960e-02 val_p=9.2552e-02 val_max_speed=1.8826e-02 val_max_p=1.2464e-01
[epoch 900] train=5.5547e-04 val=1.3499e-02 val_u=1.2102e-02 val_v=5.5482e-02 val_p=8.2811e-02 val_max_speed=1.8998e-02 val_max_p=1.1146e-01
[epoch 1000] train=4.5734e-04 val=1.1837e-02 val_u=1.1974e-02 val_v=5.2381e-02 val_p=7.5124e-02 val_max_speed=1.9006e-02 val_max_p=1.0231e-01
[epoch 1100] train=3.6466e-04 val=1.1720e-02 val_u=1.1748e-02 val_v=5.4767e-02 val_p=6.9324e-02 val_max_speed=1.8678e-02 val_max_p=9.4658e-02
[epoch 1200] train=3.3667e-04 val=1.0029e-02 val_u=1.1588e-02 val_v=4.9537e-02 val_p=6.4752e-02 val_max_speed=1.8435e-02 val_max_p=8.8553e-02
[epoch 1300] train=2.6427e-04 val=1.0654e-02 val_u=1.1243e-02 val_v=5.4084e-02 val_p=6.1330e-02 val_max_speed=1.7807e-02 val_max_p=8.3515e-02
[early-stop] epoch=1383 best_epoch=1183 best_val=9.3468e-03
[done] output_dir=/root/dev/pinn-platform-v4/model/results/supervised/contraction_single_mlp_geometry_sparse5_strict_20260503
best_epoch=1183 best_val_total=9.346828e-03
stop_epoch=1383
train_cases=C-base,C-train-1,C-train-2,C-train-3,C-train-4,C-train-5
val_cases=C-val
[eval-single-val-dense] contraction_single_mlp_geometry_sparse5_strict_20260503
[done] metrics=/root/dev/pinn-platform-v4/model/results/supervised/contraction_single_mlp_geometry_sparse5_strict_20260503/evaluations/metrics_val_dense.json
predictions_dir=/root/dev/pinn-platform-v4/model/results/supervised/contraction_single_mlp_geometry_sparse5_strict_20260503/evaluations/predictions_val_dense
checkpoint_epoch=1183
{
  "num_cases": 1,
  "mean_rel_l2_u": 0.0407932884991169,
  "max_rel_l2_u": 0.0407932884991169,
  "mean_rel_l2_v": 0.5358026623725891,
  "max_rel_l2_v": 0.5358026623725891,
  "mean_rel_l2_p": 0.07531755417585373,
  "max_rel_l2_p": 0.07531755417585373,
  "mean_rel_l2_speed": 0.04109278693795204,
  "max_rel_l2_speed": 0.04109278693795204,
  "mean_mae_u": 0.03733871877193451,
  "max_mae_u": 0.03733871877193451,
  "mean_mae_v": 0.0021881337743252516,
  "max_mae_v": 0.0021881337743252516,
  "mean_mae_p": 56.046043395996094,
  "max_mae_p": 56.046043395996094,
  "mean_pressure_drop_rel_error": 0.07609119953654904,
  "max_pressure_drop_rel_error": 0.07609119953654904,
  "mean_wall_max_abs_u_pred": 0.23329389095306396,
  "max_wall_max_abs_u_pred": 0.23329389095306396,
  "mean_wall_max_abs_v_pred": 0.04862990602850914,
  "max_wall_max_abs_v_pred": 0.04862990602850914
}
