[epoch 1] train=2.0504e+00 val=4.0543e+00 val_u=5.6094e-01 val_v=1.0006e+00 val_p=6.8043e-01 val_max_speed=5.8141e-01 val_max_p=7.1584e-01
[epoch 50] train=1.9998e-01 val=4.1077e-01 val_u=9.5145e-02 val_v=3.3091e-01 val_p=4.5082e-01 val_max_speed=2.0157e-01 val_max_p=5.5491e-01
[epoch 100] train=2.0103e-02 val=6.6248e-02 val_u=3.5391e-02 val_v=1.2057e-01 val_p=2.1145e-01 val_max_speed=5.5106e-02 val_max_p=3.5120e-01
[epoch 150] train=1.0907e-02 val=3.9477e-02 val_u=2.3953e-02 val_v=1.0141e-01 val_p=1.5063e-01 val_max_speed=4.0168e-02 val_max_p=2.9687e-01
[epoch 200] train=7.6481e-03 val=3.6638e-02 val_u=2.2558e-02 val_v=1.0446e-01 val_p=1.2943e-01 val_max_speed=3.7051e-02 val_max_p=2.5740e-01
[epoch 250] train=5.6158e-03 val=3.8051e-02 val_u=2.2334e-02 val_v=1.1337e-01 val_p=1.1243e-01 val_max_speed=3.6364e-02 val_max_p=2.0994e-01
[epoch 300] train=4.4668e-03 val=3.6066e-02 val_u=2.0089e-02 val_v=1.1361e-01 val_p=1.0074e-01 val_max_speed=3.3379e-02 val_max_p=1.6577e-01
[epoch 350] train=3.4327e-03 val=3.8563e-02 val_u=1.9278e-02 val_v=1.2088e-01 val_p=9.3084e-02 val_max_speed=3.2155e-02 val_max_p=1.4149e-01
[epoch 400] train=2.7450e-03 val=3.4864e-02 val_u=1.6907e-02 val_v=1.1585e-01 val_p=8.6835e-02 val_max_speed=2.9185e-02 val_max_p=1.2786e-01
[epoch 450] train=2.1781e-03 val=3.0391e-02 val_u=1.4786e-02 val_v=1.0841e-01 val_p=8.1505e-02 val_max_speed=2.5843e-02 val_max_p=1.2708e-01
[epoch 500] train=1.7078e-03 val=2.5312e-02 val_u=1.3073e-02 val_v=9.8498e-02 val_p=7.6849e-02 val_max_speed=2.2581e-02 val_max_p=1.2533e-01
[epoch 550] train=2.0100e-03 val=1.9845e-02 val_u=1.1788e-02 val_v=8.5794e-02 val_p=7.3480e-02 val_max_speed=2.0175e-02 val_max_p=1.2660e-01
[epoch 600] train=1.0546e-03 val=1.6338e-02 val_u=1.0919e-02 val_v=7.7036e-02 val_p=6.9417e-02 val_max_speed=1.6999e-02 val_max_p=1.2276e-01
[epoch 650] train=8.2810e-04 val=1.3100e-02 val_u=1.0451e-02 val_v=6.7745e-02 val_p=6.5657e-02 val_max_speed=1.6092e-02 val_max_p=1.1975e-01
[epoch 700] train=6.6234e-04 val=1.0653e-02 val_u=1.0136e-02 val_v=5.9925e-02 val_p=6.2110e-02 val_max_speed=1.5486e-02 val_max_p=1.1579e-01
[epoch 750] train=5.3935e-04 val=8.8534e-03 val_u=9.8821e-03 val_v=5.3672e-02 val_p=5.8725e-02 val_max_speed=1.5287e-02 val_max_p=1.1140e-01
[epoch 800] train=4.4782e-04 val=7.5614e-03 val_u=9.6752e-03 val_v=4.8909e-02 val_p=5.5571e-02 val_max_speed=1.5351e-02 val_max_p=1.0685e-01
[epoch 850] train=3.7877e-04 val=6.6299e-03 val_u=9.5152e-03 val_v=4.5337e-02 val_p=5.2707e-02 val_max_speed=1.5529e-02 val_max_p=1.0236e-01
[epoch 900] train=1.2951e-03 val=7.2495e-03 val_u=9.0905e-03 val_v=4.8666e-02 val_p=5.2641e-02 val_max_speed=1.5908e-02 val_max_p=1.0646e-01
[epoch 950] train=2.9856e-04 val=5.5526e-03 val_u=9.0709e-03 val_v=4.1218e-02 val_p=4.8466e-02 val_max_speed=1.5334e-02 val_max_p=9.7824e-02
[epoch 1000] train=2.5350e-04 val=4.9836e-03 val_u=9.0065e-03 val_v=3.8646e-02 val_p=4.6401e-02 val_max_speed=1.5613e-02 val_max_p=9.4191e-02
[epoch 1050] train=2.2789e-04 val=4.6912e-03 val_u=8.9578e-03 val_v=3.7437e-02 val_p=4.4830e-02 val_max_speed=1.5664e-02 val_max_p=9.0746e-02
[epoch 1100] train=2.0673e-04 val=4.4755e-03 val_u=8.9064e-03 val_v=3.6587e-02 val_p=4.3476e-02 val_max_speed=1.5672e-02 val_max_p=8.7607e-02
[epoch 1150] train=1.8891e-04 val=4.2981e-03 val_u=8.8533e-03 val_v=3.5892e-02 val_p=4.2294e-02 val_max_speed=1.5646e-02 val_max_p=8.5480e-02
[epoch 1200] train=1.7372e-04 val=4.1464e-03 val_u=8.8002e-03 val_v=3.5294e-02 val_p=4.1249e-02 val_max_speed=1.5592e-02 val_max_p=8.3650e-02
[done] output_dir=/root/dev/pinn-platform-v4/model/results/supervised/contraction_single_mlp_geometry_dense_20260502
best_epoch=1200 best_val_total=4.146378e-03
stop_epoch=1200
train_cases=C-base,C-train-1,C-train-2,C-train-3,C-train-4,C-train-5
val_cases=C-val
